2021-06-23 10:45:03.277  INFO 21616 [main] s.c.a.AnnotationConfigApplicationContext 588 : Refreshing org.springframework.context.annotation.AnnotationConfigApplicationContext@116aac9: startup date [Wed Jun 23 10:45:03 CST 2021]; root of context hierarchy
2021-06-23 10:45:03.591  INFO 21616 [main] trationDelegate$BeanPostProcessorChecker 326 : Bean 'configurationPropertiesRebinderAutoConfiguration' of type [org.springframework.cloud.autoconfigure.ConfigurationPropertiesRebinderAutoConfiguration$$EnhancerBySpringCGLIB$$3fb6aed9] is not eligible for getting processed by all BeanPostProcessors (for example: not eligible for auto-proxying)
2021-06-23 10:45:05.883  INFO 21616 [main] jin.li.yun.com.ProducerApplication       654 : No active profile set, falling back to default profiles: default
2021-06-23 10:45:05.929  INFO 21616 [main] ConfigServletWebServerApplicationContext 588 : Refreshing org.springframework.boot.web.servlet.context.AnnotationConfigServletWebServerApplicationContext@461e41: startup date [Wed Jun 23 10:45:05 CST 2021]; parent: org.springframework.context.annotation.AnnotationConfigApplicationContext@116aac9
2021-06-23 10:45:08.900  WARN 21616 [main] o.m.s.mapper.ClassPathMapperScanner      44 : No MyBatis mapper was found in '[jin.li.yun.com]' package. Please check your configuration.
2021-06-23 10:45:08.929  INFO 21616 [main] o.s.b.f.s.DefaultListableBeanFactory     821 : Overriding bean definition for bean 'dataSource' with a different definition: replacing [Root bean: class [null]; scope=refresh; abstract=false; lazyInit=false; autowireMode=3; dependencyCheck=0; autowireCandidate=false; primary=false; factoryBeanName=org.springframework.boot.autoconfigure.jdbc.DataSourceConfiguration$Hikari; factoryMethodName=dataSource; initMethodName=null; destroyMethodName=(inferred); defined in class path resource [org/springframework/boot/autoconfigure/jdbc/DataSourceConfiguration$Hikari.class]] with [Root bean: class [org.springframework.aop.scope.ScopedProxyFactoryBean]; scope=; abstract=false; lazyInit=false; autowireMode=0; dependencyCheck=0; autowireCandidate=true; primary=false; factoryBeanName=null; factoryMethodName=null; initMethodName=null; destroyMethodName=null; defined in BeanDefinition defined in class path resource [org/springframework/boot/autoconfigure/jdbc/DataSourceConfiguration$Hikari.class]]
2021-06-23 10:45:09.161  INFO 21616 [main] o.s.cloud.context.scope.GenericScope     294 : BeanFactory id=855896ae-3b25-3eae-9b94-7a8762a848e5
2021-06-23 10:45:09.271  INFO 21616 [main] trationDelegate$BeanPostProcessorChecker 326 : Bean 'org.springframework.amqp.rabbit.annotation.RabbitBootstrapConfiguration' of type [org.springframework.amqp.rabbit.annotation.RabbitBootstrapConfiguration$$EnhancerBySpringCGLIB$$ea086a0a] is not eligible for getting processed by all BeanPostProcessors (for example: not eligible for auto-proxying)
2021-06-23 10:45:09.400  INFO 21616 [main] trationDelegate$BeanPostProcessorChecker 326 : Bean 'org.springframework.transaction.annotation.ProxyTransactionManagementConfiguration' of type [org.springframework.transaction.annotation.ProxyTransactionManagementConfiguration$$EnhancerBySpringCGLIB$$239cabdc] is not eligible for getting processed by all BeanPostProcessors (for example: not eligible for auto-proxying)
2021-06-23 10:45:09.541  INFO 21616 [main] trationDelegate$BeanPostProcessorChecker 326 : Bean 'org.springframework.cloud.autoconfigure.ConfigurationPropertiesRebinderAutoConfiguration' of type [org.springframework.cloud.autoconfigure.ConfigurationPropertiesRebinderAutoConfiguration$$EnhancerBySpringCGLIB$$3fb6aed9] is not eligible for getting processed by all BeanPostProcessors (for example: not eligible for auto-proxying)
2021-06-23 10:45:09.890  WARN 21616 [main] o.a.catalina.core.AprLifecycleListener   182 : The APR based Apache Tomcat Native library failed to load. The error reported was [D:\tools\java\tomcat\apache-tomcat-9.0.48\bin\tcnative-1.dll: Can't load AMD 64-bit .dll on a IA 32-bit platform]

java.lang.UnsatisfiedLinkError: D:\tools\java\tomcat\apache-tomcat-9.0.48\bin\tcnative-1.dll: Can't load AMD 64-bit .dll on a IA 32-bit platform
	at java.lang.ClassLoader$NativeLibrary.load(Native Method)
	at java.lang.ClassLoader.loadLibrary0(ClassLoader.java:1941)
	at java.lang.ClassLoader.loadLibrary(ClassLoader.java:1857)
	at java.lang.Runtime.loadLibrary0(Runtime.java:870)
	at java.lang.System.loadLibrary(System.java:1122)
	at org.apache.tomcat.jni.Library.<init>(Library.java:42)
	at org.apache.tomcat.jni.Library.initialize(Library.java:178)
	at org.apache.catalina.core.AprLifecycleListener.init(AprLifecycleListener.java:198)
	at org.apache.catalina.core.AprLifecycleListener.isAprAvailable(AprLifecycleListener.java:107)
	at org.apache.catalina.connector.Connector.setProtocol(Connector.java:582)
	at org.apache.catalina.connector.Connector.<init>(Connector.java:74)
	at org.springframework.boot.web.embedded.tomcat.TomcatServletWebServerFactory.getWebServer(TomcatServletWebServerFactory.java:164)
	at org.springframework.boot.web.servlet.context.ServletWebServerApplicationContext.createWebServer(ServletWebServerApplicationContext.java:181)
	at org.springframework.boot.web.servlet.context.ServletWebServerApplicationContext.onRefresh(ServletWebServerApplicationContext.java:154)
	at org.springframework.context.support.AbstractApplicationContext.refresh(AbstractApplicationContext.java:542)
	at org.springframework.boot.web.servlet.context.ServletWebServerApplicationContext.refresh(ServletWebServerApplicationContext.java:142)
	at org.springframework.boot.SpringApplication.refresh(SpringApplication.java:754)
	at org.springframework.boot.SpringApplication.refreshContext(SpringApplication.java:386)
	at org.springframework.boot.SpringApplication.run(SpringApplication.java:307)
	at org.springframework.boot.SpringApplication.run(SpringApplication.java:1242)
	at org.springframework.boot.SpringApplication.run(SpringApplication.java:1230)
	at jin.li.yun.com.ProducerApplication.main(ProducerApplication.java:25)

2021-06-23 10:45:10.234  INFO 21616 [main] o.s.b.w.embedded.tomcat.TomcatWebServer  91 : Tomcat initialized with port(s): 7070 (http)
2021-06-23 10:45:10.255  INFO 21616 [main] o.a.coyote.http11.Http11NioProtocol      180 : Initializing ProtocolHandler ["http-nio-7070"]
2021-06-23 10:45:10.281  INFO 21616 [main] o.apache.catalina.core.StandardService   180 : Starting service [Tomcat]
2021-06-23 10:45:10.281  INFO 21616 [main] org.apache.catalina.core.StandardEngine  180 : Starting Servlet Engine: Apache Tomcat/8.5.37
2021-06-23 10:45:10.484  INFO 21616 [localhost-startStop-1] o.a.c.c.C.[.[localhost].[/producer]      180 : Initializing Spring embedded WebApplicationContext
2021-06-23 10:45:10.484  INFO 21616 [localhost-startStop-1] o.s.web.context.ContextLoader            296 : Root WebApplicationContext: initialization completed in 4555 ms
2021-06-23 10:45:12.232  INFO 21616 [localhost-startStop-1] o.s.b.w.servlet.FilterRegistrationBean   245 : Mapping filter: 'characterEncodingFilter' to: [/*]
2021-06-23 10:45:12.233  INFO 21616 [localhost-startStop-1] o.s.b.w.servlet.FilterRegistrationBean   245 : Mapping filter: 'webMvcMetricsFilter' to: [/*]
2021-06-23 10:45:12.233  INFO 21616 [localhost-startStop-1] o.s.b.w.servlet.FilterRegistrationBean   245 : Mapping filter: 'hiddenHttpMethodFilter' to: [/*]
2021-06-23 10:45:12.233  INFO 21616 [localhost-startStop-1] o.s.b.w.servlet.FilterRegistrationBean   245 : Mapping filter: 'httpPutFormContentFilter' to: [/*]
2021-06-23 10:45:12.233  INFO 21616 [localhost-startStop-1] o.s.b.w.servlet.FilterRegistrationBean   245 : Mapping filter: 'requestContextFilter' to: [/*]
2021-06-23 10:45:12.234  INFO 21616 [localhost-startStop-1] o.s.b.w.servlet.FilterRegistrationBean   245 : Mapping filter: 'httpTraceFilter' to: [/*]
2021-06-23 10:45:12.234  INFO 21616 [localhost-startStop-1] o.s.b.w.servlet.ServletRegistrationBean  187 : Servlet dispatcherServlet mapped to [/]
2021-06-23 10:45:12.299  INFO 21616 [main] jin.li.yun.com.ProducerApplication       33 : initRabbitTemplate:[初始化生产者消息确认机制]
2021-06-23 10:45:12.960  INFO 21616 [main] s.w.s.m.m.a.RequestMappingHandlerMapping 550 : Mapped "{[/send-msg],methods=[GET]}" onto public jin.li.yun.com.common.api.ApiResult jin.li.yun.com.producer.controller.ProducerController.sendMsg()
2021-06-23 10:45:12.962  INFO 21616 [main] s.w.s.m.m.a.RequestMappingHandlerMapping 550 : Mapped "{[/send-msg2],methods=[GET]}" onto public jin.li.yun.com.common.api.ApiResult jin.li.yun.com.producer.controller.ProducerController.sendMsg2()
2021-06-23 10:45:12.965  INFO 21616 [main] s.w.s.m.m.a.RequestMappingHandlerMapping 550 : Mapped "{[/label],methods=[POST]}" onto public jin.li.yun.com.common.api.ApiResult jin.li.yun.com.producer.controller.ProducerController.updLabel(com.alibaba.fastjson.JSONObject)
2021-06-23 10:45:12.965  INFO 21616 [main] s.w.s.m.m.a.RequestMappingHandlerMapping 550 : Mapped "{[/send],methods=[GET]}" onto public jin.li.yun.com.common.api.ApiResult jin.li.yun.com.producer.controller.ProducerController.send()
2021-06-23 10:45:12.966  INFO 21616 [main] s.w.s.m.m.a.RequestMappingHandlerMapping 550 : Mapped "{[/error]}" onto public jin.li.yun.com.common.api.ApiResult jin.li.yun.com.common.exception.GlobalErrorController.handleError(javax.servlet.http.HttpServletRequest,javax.servlet.http.HttpServletResponse)
2021-06-23 10:45:12.971  INFO 21616 [main] s.w.s.m.m.a.RequestMappingHandlerMapping 550 : Mapped "{[/swagger-resources/configuration/security]}" onto public org.springframework.http.ResponseEntity<springfox.documentation.swagger.web.SecurityConfiguration> springfox.documentation.swagger.web.ApiResourceController.securityConfiguration()
2021-06-23 10:45:12.972  INFO 21616 [main] s.w.s.m.m.a.RequestMappingHandlerMapping 550 : Mapped "{[/swagger-resources/configuration/ui]}" onto public org.springframework.http.ResponseEntity<springfox.documentation.swagger.web.UiConfiguration> springfox.documentation.swagger.web.ApiResourceController.uiConfiguration()
2021-06-23 10:45:12.974  INFO 21616 [main] s.w.s.m.m.a.RequestMappingHandlerMapping 550 : Mapped "{[/swagger-resources]}" onto public org.springframework.http.ResponseEntity<java.util.List<springfox.documentation.swagger.web.SwaggerResource>> springfox.documentation.swagger.web.ApiResourceController.swaggerResources()
2021-06-23 10:45:13.089  INFO 21616 [main] o.s.b.a.e.web.EndpointLinksResolver      59 : Exposing 2 endpoint(s) beneath base path '/actuator'
2021-06-23 10:45:13.106  INFO 21616 [main] s.b.a.e.w.s.WebMvcEndpointHandlerMapping 550 : Mapped "{[/actuator/health],methods=[GET],produces=[application/vnd.spring-boot.actuator.v2+json || application/json]}" onto public java.lang.Object org.springframework.boot.actuate.endpoint.web.servlet.AbstractWebMvcEndpointHandlerMapping$OperationHandler.handle(javax.servlet.http.HttpServletRequest,java.util.Map<java.lang.String, java.lang.String>)
2021-06-23 10:45:13.107  INFO 21616 [main] s.b.a.e.w.s.WebMvcEndpointHandlerMapping 550 : Mapped "{[/actuator/info],methods=[GET],produces=[application/vnd.spring-boot.actuator.v2+json || application/json]}" onto public java.lang.Object org.springframework.boot.actuate.endpoint.web.servlet.AbstractWebMvcEndpointHandlerMapping$OperationHandler.handle(javax.servlet.http.HttpServletRequest,java.util.Map<java.lang.String, java.lang.String>)
2021-06-23 10:45:13.108  INFO 21616 [main] s.b.a.e.w.s.WebMvcEndpointHandlerMapping 550 : Mapped "{[/actuator],methods=[GET],produces=[application/vnd.spring-boot.actuator.v2+json || application/json]}" onto protected java.util.Map<java.lang.String, java.util.Map<java.lang.String, org.springframework.boot.actuate.endpoint.web.Link>> org.springframework.boot.actuate.endpoint.web.servlet.WebMvcEndpointHandlerMapping.links(javax.servlet.http.HttpServletRequest,javax.servlet.http.HttpServletResponse)
2021-06-23 10:45:13.329  INFO 21616 [main] pertySourcedRequestMappingHandlerMapping 69 : Mapped URL path [/v2/api-docs] onto method [public org.springframework.http.ResponseEntity<springfox.documentation.spring.web.json.Json> springfox.documentation.swagger2.web.Swagger2Controller.getDocumentation(java.lang.String,javax.servlet.http.HttpServletRequest)]
2021-06-23 10:45:13.407  WARN 21616 [main] c.n.c.sources.URLConfigurationSource     121 : No URLs will be polled as dynamic configuration sources.
2021-06-23 10:45:13.407  INFO 21616 [main] c.n.c.sources.URLConfigurationSource     122 : To enable URLs as dynamic configuration sources, define System property archaius.configurationSource.additionalUrls or make config.properties available on classpath.
2021-06-23 10:45:13.441  WARN 21616 [main] c.n.c.sources.URLConfigurationSource     121 : No URLs will be polled as dynamic configuration sources.
2021-06-23 10:45:13.442  INFO 21616 [main] c.n.c.sources.URLConfigurationSource     122 : To enable URLs as dynamic configuration sources, define System property archaius.configurationSource.additionalUrls or make config.properties available on classpath.
2021-06-23 10:45:13.587  INFO 21616 [main] o.s.w.s.handler.SimpleUrlHandlerMapping  373 : Mapped URL path [/**/favicon.ico] onto handler of type [class org.springframework.web.servlet.resource.ResourceHttpRequestHandler]
2021-06-23 10:45:13.883  INFO 21616 [main] s.w.s.m.m.a.RequestMappingHandlerAdapter 588 : Looking for @ControllerAdvice: org.springframework.boot.web.servlet.context.AnnotationConfigServletWebServerApplicationContext@461e41: startup date [Wed Jun 23 10:45:05 CST 2021]; parent: org.springframework.context.annotation.AnnotationConfigApplicationContext@116aac9
2021-06-23 10:45:13.979  INFO 21616 [main] o.s.w.s.handler.SimpleUrlHandlerMapping  373 : Mapped URL path [/webjars/**] onto handler of type [class org.springframework.web.servlet.resource.ResourceHttpRequestHandler]
2021-06-23 10:45:13.980  INFO 21616 [main] o.s.w.s.handler.SimpleUrlHandlerMapping  373 : Mapped URL path [/**] onto handler of type [class org.springframework.web.servlet.resource.ResourceHttpRequestHandler]
2021-06-23 10:45:13.997  INFO 21616 [main] .m.m.a.ExceptionHandlerExceptionResolver 288 : Detected @ExceptionHandler methods in globalExceptionHandler
2021-06-23 10:45:17.339  INFO 21616 [main] o.s.cloud.commons.util.InetUtils         170 : Cannot determine local hostname
2021-06-23 10:45:17.549  INFO 21616 [main] o.s.j.e.a.AnnotationMBeanExporter        433 : Registering beans for JMX exposure on startup
2021-06-23 10:45:17.551  INFO 21616 [main] o.s.j.e.a.AnnotationMBeanExporter        895 : Bean with name 'dataSource' has been autodetected for JMX exposure
2021-06-23 10:45:17.559  INFO 21616 [main] o.s.j.e.a.AnnotationMBeanExporter        895 : Bean with name 'rabbitConnectionFactory' has been autodetected for JMX exposure
2021-06-23 10:45:17.561  INFO 21616 [main] o.s.j.e.a.AnnotationMBeanExporter        895 : Bean with name 'environmentManager' has been autodetected for JMX exposure
2021-06-23 10:45:17.562  INFO 21616 [main] o.s.j.e.a.AnnotationMBeanExporter        895 : Bean with name 'refreshScope' has been autodetected for JMX exposure
2021-06-23 10:45:17.563  INFO 21616 [main] o.s.j.e.a.AnnotationMBeanExporter        895 : Bean with name 'configurationPropertiesRebinder' has been autodetected for JMX exposure
2021-06-23 10:45:17.565  INFO 21616 [main] o.s.j.e.a.AnnotationMBeanExporter        675 : Located managed bean 'environmentManager': registering with JMX server as MBean [org.springframework.cloud.context.environment:name=environmentManager,type=EnvironmentManager]
2021-06-23 10:45:17.572  INFO 21616 [main] o.s.j.e.a.AnnotationMBeanExporter        675 : Located managed bean 'refreshScope': registering with JMX server as MBean [org.springframework.cloud.context.scope.refresh:name=refreshScope,type=RefreshScope]
2021-06-23 10:45:17.581  INFO 21616 [main] o.s.j.e.a.AnnotationMBeanExporter        675 : Located managed bean 'configurationPropertiesRebinder': registering with JMX server as MBean [org.springframework.cloud.context.properties:name=configurationPropertiesRebinder,context=461e41,type=ConfigurationPropertiesRebinder]
2021-06-23 10:45:17.587  INFO 21616 [main] o.s.j.e.a.AnnotationMBeanExporter        668 : Located MBean 'dataSource': registering with JMX server as MBean [com.zaxxer.hikari:name=dataSource,type=HikariDataSource]
2021-06-23 10:45:17.589  INFO 21616 [main] o.s.j.e.a.AnnotationMBeanExporter        675 : Located managed bean 'rabbitConnectionFactory': registering with JMX server as MBean [org.springframework.amqp.rabbit.connection:name=rabbitConnectionFactory,type=CachingConnectionFactory]
2021-06-23 10:45:17.601  INFO 21616 [main] o.s.c.support.DefaultLifecycleProcessor  356 : Starting beans in phase 2147483647
2021-06-23 10:45:17.602  INFO 21616 [main] d.s.w.p.DocumentationPluginsBootstrapper 160 : Context refreshed
2021-06-23 10:45:17.626  INFO 21616 [main] d.s.w.p.DocumentationPluginsBootstrapper 163 : Found 1 custom documentation plugin(s)
2021-06-23 10:45:17.665  INFO 21616 [main] s.d.s.w.s.ApiListingReferenceScanner     41 : Scanning for api listing references
2021-06-23 10:45:17.884  INFO 21616 [main] o.a.coyote.http11.Http11NioProtocol      180 : Starting ProtocolHandler ["http-nio-7070"]
2021-06-23 10:45:17.893  INFO 21616 [main] o.a.tomcat.util.net.NioSelectorPool      180 : Using a shared selector for servlet write/read
2021-06-23 10:45:17.923  INFO 21616 [main] o.s.b.w.embedded.tomcat.TomcatWebServer  206 : Tomcat started on port(s): 7070 (http) with context path '/producer'
2021-06-23 10:45:17.929  INFO 21616 [main] jin.li.yun.com.ProducerApplication       59 : Started ProducerApplication in 17.462 seconds (JVM running for 19.465)
2021-06-23 11:16:00.456  INFO 24188 [main] s.c.a.AnnotationConfigApplicationContext 588 : Refreshing org.springframework.context.annotation.AnnotationConfigApplicationContext@fbd1f6: startup date [Wed Jun 23 11:16:00 CST 2021]; root of context hierarchy
2021-06-23 11:16:00.717  INFO 24188 [main] trationDelegate$BeanPostProcessorChecker 326 : Bean 'configurationPropertiesRebinderAutoConfiguration' of type [org.springframework.cloud.autoconfigure.ConfigurationPropertiesRebinderAutoConfiguration$$EnhancerBySpringCGLIB$$ee53a9bf] is not eligible for getting processed by all BeanPostProcessors (for example: not eligible for auto-proxying)
2021-06-23 11:16:03.034  INFO 24188 [main] jin.li.yun.com.ProducerApplication       654 : No active profile set, falling back to default profiles: default
2021-06-23 11:16:03.045  INFO 24188 [main] ConfigServletWebServerApplicationContext 588 : Refreshing org.springframework.boot.web.servlet.context.AnnotationConfigServletWebServerApplicationContext@1f22f3: startup date [Wed Jun 23 11:16:03 CST 2021]; parent: org.springframework.context.annotation.AnnotationConfigApplicationContext@fbd1f6
2021-06-23 11:16:04.286  WARN 24188 [main] o.m.s.mapper.ClassPathMapperScanner      44 : No MyBatis mapper was found in '[jin.li.yun.com]' package. Please check your configuration.
2021-06-23 11:16:04.315  INFO 24188 [main] o.s.b.f.s.DefaultListableBeanFactory     821 : Overriding bean definition for bean 'dataSource' with a different definition: replacing [Root bean: class [null]; scope=refresh; abstract=false; lazyInit=false; autowireMode=3; dependencyCheck=0; autowireCandidate=false; primary=false; factoryBeanName=org.springframework.boot.autoconfigure.jdbc.DataSourceConfiguration$Hikari; factoryMethodName=dataSource; initMethodName=null; destroyMethodName=(inferred); defined in class path resource [org/springframework/boot/autoconfigure/jdbc/DataSourceConfiguration$Hikari.class]] with [Root bean: class [org.springframework.aop.scope.ScopedProxyFactoryBean]; scope=; abstract=false; lazyInit=false; autowireMode=0; dependencyCheck=0; autowireCandidate=true; primary=false; factoryBeanName=null; factoryMethodName=null; initMethodName=null; destroyMethodName=null; defined in BeanDefinition defined in class path resource [org/springframework/boot/autoconfigure/jdbc/DataSourceConfiguration$Hikari.class]]
2021-06-23 11:16:04.517  INFO 24188 [main] o.s.cloud.context.scope.GenericScope     294 : BeanFactory id=855896ae-3b25-3eae-9b94-7a8762a848e5
2021-06-23 11:16:04.594  INFO 24188 [main] trationDelegate$BeanPostProcessorChecker 326 : Bean 'org.springframework.amqp.rabbit.annotation.RabbitBootstrapConfiguration' of type [org.springframework.amqp.rabbit.annotation.RabbitBootstrapConfiguration$$EnhancerBySpringCGLIB$$98a564f0] is not eligible for getting processed by all BeanPostProcessors (for example: not eligible for auto-proxying)
2021-06-23 11:16:04.703  INFO 24188 [main] trationDelegate$BeanPostProcessorChecker 326 : Bean 'org.springframework.transaction.annotation.ProxyTransactionManagementConfiguration' of type [org.springframework.transaction.annotation.ProxyTransactionManagementConfiguration$$EnhancerBySpringCGLIB$$d239a6c2] is not eligible for getting processed by all BeanPostProcessors (for example: not eligible for auto-proxying)
2021-06-23 11:16:04.758  INFO 24188 [main] trationDelegate$BeanPostProcessorChecker 326 : Bean 'org.springframework.cloud.autoconfigure.ConfigurationPropertiesRebinderAutoConfiguration' of type [org.springframework.cloud.autoconfigure.ConfigurationPropertiesRebinderAutoConfiguration$$EnhancerBySpringCGLIB$$ee53a9bf] is not eligible for getting processed by all BeanPostProcessors (for example: not eligible for auto-proxying)
2021-06-23 11:16:05.107  WARN 24188 [main] o.a.catalina.core.AprLifecycleListener   182 : The APR based Apache Tomcat Native library failed to load. The error reported was [D:\tools\java\tomcat\apache-tomcat-9.0.48\bin\tcnative-1.dll: Can't load AMD 64-bit .dll on a IA 32-bit platform]

java.lang.UnsatisfiedLinkError: D:\tools\java\tomcat\apache-tomcat-9.0.48\bin\tcnative-1.dll: Can't load AMD 64-bit .dll on a IA 32-bit platform
	at java.lang.ClassLoader$NativeLibrary.load(Native Method)
	at java.lang.ClassLoader.loadLibrary0(ClassLoader.java:1941)
	at java.lang.ClassLoader.loadLibrary(ClassLoader.java:1857)
	at java.lang.Runtime.loadLibrary0(Runtime.java:870)
	at java.lang.System.loadLibrary(System.java:1122)
	at org.apache.tomcat.jni.Library.<init>(Library.java:42)
	at org.apache.tomcat.jni.Library.initialize(Library.java:178)
	at org.apache.catalina.core.AprLifecycleListener.init(AprLifecycleListener.java:198)
	at org.apache.catalina.core.AprLifecycleListener.isAprAvailable(AprLifecycleListener.java:107)
	at org.apache.catalina.connector.Connector.setProtocol(Connector.java:582)
	at org.apache.catalina.connector.Connector.<init>(Connector.java:74)
	at org.springframework.boot.web.embedded.tomcat.TomcatServletWebServerFactory.getWebServer(TomcatServletWebServerFactory.java:164)
	at org.springframework.boot.web.servlet.context.ServletWebServerApplicationContext.createWebServer(ServletWebServerApplicationContext.java:181)
	at org.springframework.boot.web.servlet.context.ServletWebServerApplicationContext.onRefresh(ServletWebServerApplicationContext.java:154)
	at org.springframework.context.support.AbstractApplicationContext.refresh(AbstractApplicationContext.java:542)
	at org.springframework.boot.web.servlet.context.ServletWebServerApplicationContext.refresh(ServletWebServerApplicationContext.java:142)
	at org.springframework.boot.SpringApplication.refresh(SpringApplication.java:754)
	at org.springframework.boot.SpringApplication.refreshContext(SpringApplication.java:386)
	at org.springframework.boot.SpringApplication.run(SpringApplication.java:307)
	at org.springframework.boot.SpringApplication.run(SpringApplication.java:1242)
	at org.springframework.boot.SpringApplication.run(SpringApplication.java:1230)
	at jin.li.yun.com.ProducerApplication.main(ProducerApplication.java:25)

2021-06-23 11:16:05.252  INFO 24188 [main] o.s.b.w.embedded.tomcat.TomcatWebServer  91 : Tomcat initialized with port(s): 7070 (http)
2021-06-23 11:16:05.270  INFO 24188 [main] o.a.coyote.http11.Http11NioProtocol      180 : Initializing ProtocolHandler ["http-nio-7070"]
2021-06-23 11:16:05.288  INFO 24188 [main] o.apache.catalina.core.StandardService   180 : Starting service [Tomcat]
2021-06-23 11:16:05.288  INFO 24188 [main] org.apache.catalina.core.StandardEngine  180 : Starting Servlet Engine: Apache Tomcat/8.5.37
2021-06-23 11:16:05.470  INFO 24188 [localhost-startStop-1] o.a.c.c.C.[.[localhost].[/producer]      180 : Initializing Spring embedded WebApplicationContext
2021-06-23 11:16:05.471  INFO 24188 [localhost-startStop-1] o.s.web.context.ContextLoader            296 : Root WebApplicationContext: initialization completed in 2426 ms
2021-06-23 11:16:06.889  INFO 24188 [localhost-startStop-1] o.s.b.w.servlet.FilterRegistrationBean   245 : Mapping filter: 'characterEncodingFilter' to: [/*]
2021-06-23 11:16:06.890  INFO 24188 [localhost-startStop-1] o.s.b.w.servlet.FilterRegistrationBean   245 : Mapping filter: 'webMvcMetricsFilter' to: [/*]
2021-06-23 11:16:06.890  INFO 24188 [localhost-startStop-1] o.s.b.w.servlet.FilterRegistrationBean   245 : Mapping filter: 'hiddenHttpMethodFilter' to: [/*]
2021-06-23 11:16:06.890  INFO 24188 [localhost-startStop-1] o.s.b.w.servlet.FilterRegistrationBean   245 : Mapping filter: 'httpPutFormContentFilter' to: [/*]
2021-06-23 11:16:06.890  INFO 24188 [localhost-startStop-1] o.s.b.w.servlet.FilterRegistrationBean   245 : Mapping filter: 'requestContextFilter' to: [/*]
2021-06-23 11:16:06.891  INFO 24188 [localhost-startStop-1] o.s.b.w.servlet.FilterRegistrationBean   245 : Mapping filter: 'httpTraceFilter' to: [/*]
2021-06-23 11:16:06.891  INFO 24188 [localhost-startStop-1] o.s.b.w.servlet.ServletRegistrationBean  187 : Servlet dispatcherServlet mapped to [/]
2021-06-23 11:16:06.943  INFO 24188 [main] jin.li.yun.com.ProducerApplication       33 : initRabbitTemplate:[初始化生产者消息确认机制]
2021-06-23 11:16:07.518  INFO 24188 [main] s.w.s.m.m.a.RequestMappingHandlerMapping 550 : Mapped "{[/send-msg],methods=[GET]}" onto public jin.li.yun.com.common.api.ApiResult jin.li.yun.com.producer.controller.ProducerController.sendMsg()
2021-06-23 11:16:07.520  INFO 24188 [main] s.w.s.m.m.a.RequestMappingHandlerMapping 550 : Mapped "{[/send-msg2],methods=[GET]}" onto public jin.li.yun.com.common.api.ApiResult jin.li.yun.com.producer.controller.ProducerController.sendMsg2()
2021-06-23 11:16:07.522  INFO 24188 [main] s.w.s.m.m.a.RequestMappingHandlerMapping 550 : Mapped "{[/label],methods=[POST]}" onto public jin.li.yun.com.common.api.ApiResult jin.li.yun.com.producer.controller.ProducerController.updLabel(com.alibaba.fastjson.JSONObject)
2021-06-23 11:16:07.523  INFO 24188 [main] s.w.s.m.m.a.RequestMappingHandlerMapping 550 : Mapped "{[/send],methods=[GET]}" onto public jin.li.yun.com.common.api.ApiResult jin.li.yun.com.producer.controller.ProducerController.send()
2021-06-23 11:16:07.524  INFO 24188 [main] s.w.s.m.m.a.RequestMappingHandlerMapping 550 : Mapped "{[/error]}" onto public jin.li.yun.com.common.api.ApiResult jin.li.yun.com.common.exception.GlobalErrorController.handleError(javax.servlet.http.HttpServletRequest,javax.servlet.http.HttpServletResponse)
2021-06-23 11:16:07.528  INFO 24188 [main] s.w.s.m.m.a.RequestMappingHandlerMapping 550 : Mapped "{[/swagger-resources/configuration/security]}" onto public org.springframework.http.ResponseEntity<springfox.documentation.swagger.web.SecurityConfiguration> springfox.documentation.swagger.web.ApiResourceController.securityConfiguration()
2021-06-23 11:16:07.529  INFO 24188 [main] s.w.s.m.m.a.RequestMappingHandlerMapping 550 : Mapped "{[/swagger-resources]}" onto public org.springframework.http.ResponseEntity<java.util.List<springfox.documentation.swagger.web.SwaggerResource>> springfox.documentation.swagger.web.ApiResourceController.swaggerResources()
2021-06-23 11:16:07.530  INFO 24188 [main] s.w.s.m.m.a.RequestMappingHandlerMapping 550 : Mapped "{[/swagger-resources/configuration/ui]}" onto public org.springframework.http.ResponseEntity<springfox.documentation.swagger.web.UiConfiguration> springfox.documentation.swagger.web.ApiResourceController.uiConfiguration()
2021-06-23 11:16:07.646  INFO 24188 [main] o.s.b.a.e.web.EndpointLinksResolver      59 : Exposing 2 endpoint(s) beneath base path '/actuator'
2021-06-23 11:16:07.663  INFO 24188 [main] s.b.a.e.w.s.WebMvcEndpointHandlerMapping 550 : Mapped "{[/actuator/health],methods=[GET],produces=[application/vnd.spring-boot.actuator.v2+json || application/json]}" onto public java.lang.Object org.springframework.boot.actuate.endpoint.web.servlet.AbstractWebMvcEndpointHandlerMapping$OperationHandler.handle(javax.servlet.http.HttpServletRequest,java.util.Map<java.lang.String, java.lang.String>)
2021-06-23 11:16:07.664  INFO 24188 [main] s.b.a.e.w.s.WebMvcEndpointHandlerMapping 550 : Mapped "{[/actuator/info],methods=[GET],produces=[application/vnd.spring-boot.actuator.v2+json || application/json]}" onto public java.lang.Object org.springframework.boot.actuate.endpoint.web.servlet.AbstractWebMvcEndpointHandlerMapping$OperationHandler.handle(javax.servlet.http.HttpServletRequest,java.util.Map<java.lang.String, java.lang.String>)
2021-06-23 11:16:07.665  INFO 24188 [main] s.b.a.e.w.s.WebMvcEndpointHandlerMapping 550 : Mapped "{[/actuator],methods=[GET],produces=[application/vnd.spring-boot.actuator.v2+json || application/json]}" onto protected java.util.Map<java.lang.String, java.util.Map<java.lang.String, org.springframework.boot.actuate.endpoint.web.Link>> org.springframework.boot.actuate.endpoint.web.servlet.WebMvcEndpointHandlerMapping.links(javax.servlet.http.HttpServletRequest,javax.servlet.http.HttpServletResponse)
2021-06-23 11:16:07.884  INFO 24188 [main] pertySourcedRequestMappingHandlerMapping 69 : Mapped URL path [/v2/api-docs] onto method [public org.springframework.http.ResponseEntity<springfox.documentation.spring.web.json.Json> springfox.documentation.swagger2.web.Swagger2Controller.getDocumentation(java.lang.String,javax.servlet.http.HttpServletRequest)]
2021-06-23 11:16:07.931  WARN 24188 [main] c.n.c.sources.URLConfigurationSource     121 : No URLs will be polled as dynamic configuration sources.
2021-06-23 11:16:07.932  INFO 24188 [main] c.n.c.sources.URLConfigurationSource     122 : To enable URLs as dynamic configuration sources, define System property archaius.configurationSource.additionalUrls or make config.properties available on classpath.
2021-06-23 11:16:07.936  WARN 24188 [main] c.n.c.sources.URLConfigurationSource     121 : No URLs will be polled as dynamic configuration sources.
2021-06-23 11:16:07.937  INFO 24188 [main] c.n.c.sources.URLConfigurationSource     122 : To enable URLs as dynamic configuration sources, define System property archaius.configurationSource.additionalUrls or make config.properties available on classpath.
2021-06-23 11:16:08.033  INFO 24188 [main] o.s.w.s.handler.SimpleUrlHandlerMapping  373 : Mapped URL path [/**/favicon.ico] onto handler of type [class org.springframework.web.servlet.resource.ResourceHttpRequestHandler]
2021-06-23 11:16:08.246  INFO 24188 [main] s.w.s.m.m.a.RequestMappingHandlerAdapter 588 : Looking for @ControllerAdvice: org.springframework.boot.web.servlet.context.AnnotationConfigServletWebServerApplicationContext@1f22f3: startup date [Wed Jun 23 11:16:03 CST 2021]; parent: org.springframework.context.annotation.AnnotationConfigApplicationContext@fbd1f6
2021-06-23 11:16:08.320  INFO 24188 [main] o.s.w.s.handler.SimpleUrlHandlerMapping  373 : Mapped URL path [/webjars/**] onto handler of type [class org.springframework.web.servlet.resource.ResourceHttpRequestHandler]
2021-06-23 11:16:08.320  INFO 24188 [main] o.s.w.s.handler.SimpleUrlHandlerMapping  373 : Mapped URL path [/**] onto handler of type [class org.springframework.web.servlet.resource.ResourceHttpRequestHandler]
2021-06-23 11:16:08.341  INFO 24188 [main] .m.m.a.ExceptionHandlerExceptionResolver 288 : Detected @ExceptionHandler methods in globalExceptionHandler
2021-06-23 11:16:11.724  INFO 24188 [main] o.s.cloud.commons.util.InetUtils         170 : Cannot determine local hostname
2021-06-23 11:16:11.840  INFO 24188 [main] o.s.j.e.a.AnnotationMBeanExporter        433 : Registering beans for JMX exposure on startup
2021-06-23 11:16:11.841  INFO 24188 [main] o.s.j.e.a.AnnotationMBeanExporter        895 : Bean with name 'dataSource' has been autodetected for JMX exposure
2021-06-23 11:16:11.849  INFO 24188 [main] o.s.j.e.a.AnnotationMBeanExporter        895 : Bean with name 'rabbitConnectionFactory' has been autodetected for JMX exposure
2021-06-23 11:16:11.850  INFO 24188 [main] o.s.j.e.a.AnnotationMBeanExporter        895 : Bean with name 'environmentManager' has been autodetected for JMX exposure
2021-06-23 11:16:11.851  INFO 24188 [main] o.s.j.e.a.AnnotationMBeanExporter        895 : Bean with name 'refreshScope' has been autodetected for JMX exposure
2021-06-23 11:16:11.852  INFO 24188 [main] o.s.j.e.a.AnnotationMBeanExporter        895 : Bean with name 'configurationPropertiesRebinder' has been autodetected for JMX exposure
2021-06-23 11:16:11.854  INFO 24188 [main] o.s.j.e.a.AnnotationMBeanExporter        675 : Located managed bean 'environmentManager': registering with JMX server as MBean [org.springframework.cloud.context.environment:name=environmentManager,type=EnvironmentManager]
2021-06-23 11:16:11.860  INFO 24188 [main] o.s.j.e.a.AnnotationMBeanExporter        675 : Located managed bean 'refreshScope': registering with JMX server as MBean [org.springframework.cloud.context.scope.refresh:name=refreshScope,type=RefreshScope]
2021-06-23 11:16:11.870  INFO 24188 [main] o.s.j.e.a.AnnotationMBeanExporter        675 : Located managed bean 'configurationPropertiesRebinder': registering with JMX server as MBean [org.springframework.cloud.context.properties:name=configurationPropertiesRebinder,context=1f22f3,type=ConfigurationPropertiesRebinder]
2021-06-23 11:16:11.874  INFO 24188 [main] o.s.j.e.a.AnnotationMBeanExporter        668 : Located MBean 'dataSource': registering with JMX server as MBean [com.zaxxer.hikari:name=dataSource,type=HikariDataSource]
2021-06-23 11:16:11.876  INFO 24188 [main] o.s.j.e.a.AnnotationMBeanExporter        675 : Located managed bean 'rabbitConnectionFactory': registering with JMX server as MBean [org.springframework.amqp.rabbit.connection:name=rabbitConnectionFactory,type=CachingConnectionFactory]
2021-06-23 11:16:11.892  INFO 24188 [main] o.s.c.support.DefaultLifecycleProcessor  356 : Starting beans in phase 2147483647
2021-06-23 11:16:11.893  INFO 24188 [main] d.s.w.p.DocumentationPluginsBootstrapper 160 : Context refreshed
2021-06-23 11:16:11.909  INFO 24188 [main] d.s.w.p.DocumentationPluginsBootstrapper 163 : Found 1 custom documentation plugin(s)
2021-06-23 11:16:11.928  INFO 24188 [main] s.d.s.w.s.ApiListingReferenceScanner     41 : Scanning for api listing references
2021-06-23 11:16:12.087  INFO 24188 [main] o.a.coyote.http11.Http11NioProtocol      180 : Starting ProtocolHandler ["http-nio-7070"]
2021-06-23 11:16:12.097  INFO 24188 [main] o.a.tomcat.util.net.NioSelectorPool      180 : Using a shared selector for servlet write/read
2021-06-23 11:16:12.119  INFO 24188 [main] o.s.b.w.embedded.tomcat.TomcatWebServer  206 : Tomcat started on port(s): 7070 (http) with context path '/producer'
2021-06-23 11:16:12.122  INFO 24188 [main] jin.li.yun.com.ProducerApplication       59 : Started ProducerApplication in 14.996 seconds (JVM running for 17.046)
2021-06-23 11:17:38.744  INFO 24188 [http-nio-7070-exec-6] o.a.c.c.C.[.[localhost].[/producer]      180 : Initializing Spring FrameworkServlet 'dispatcherServlet'
2021-06-23 11:17:38.744  INFO 24188 [http-nio-7070-exec-6] o.s.web.servlet.DispatcherServlet        497 : FrameworkServlet 'dispatcherServlet': initialization started
2021-06-23 11:17:38.783  INFO 24188 [http-nio-7070-exec-6] o.s.web.servlet.DispatcherServlet        512 : FrameworkServlet 'dispatcherServlet': initialization completed in 39 ms
2021-06-23 11:17:38.900  INFO 24188 [http-nio-7070-exec-6] o.s.a.r.c.CachingConnectionFactory       455 : Attempting to connect to: [127.0.0.1:5672]
2021-06-23 11:17:38.964  INFO 24188 [http-nio-7070-exec-6] o.s.a.r.c.CachingConnectionFactory       491 : Created new connection: rabbitConnectionFactory#12f0b7e:0/SimpleConnection@9be234 [delegate=amqp://mqdev@127.0.0.1:5672/cloudVirtualHosts, localPort= 62670]
2021-06-23 11:17:39.040  INFO 24188 [http-nio-7070-exec-6] j.l.y.c.p.service.ProducerService        92 : sendMsg:[生产者发送消息]
2021-06-23 11:17:39.040  INFO 24188 [http-nio-7070-exec-6] j.l.y.c.p.controller.ProducerController  45 : sendMsg:[生产者发送消息]
2021-06-23 11:17:39.116  INFO 24188 [AMQP Connection 127.0.0.1:5672] j.l.y.c.p.confirm.RabbitConfirmCallback  21 : confirm:生产端 Confirm 消息确认机制[correlationData:null, ack:true, cause:null]
2021-06-23 11:18:26.234  INFO 24188 [http-nio-7070-exec-3] j.l.y.c.p.service.ProducerService        92 : sendMsg:[生产者发送消息]
2021-06-23 11:18:26.235  INFO 24188 [http-nio-7070-exec-3] j.l.y.c.p.controller.ProducerController  45 : sendMsg:[生产者发送消息]
2021-06-23 11:18:26.236  INFO 24188 [AMQP Connection 127.0.0.1:5672] j.l.y.c.p.confirm.RabbitConfirmCallback  21 : confirm:生产端 Confirm 消息确认机制[correlationData:null, ack:true, cause:null]
2021-06-23 11:18:35.252  INFO 24188 [http-nio-7070-exec-8] j.l.y.c.p.service.ProducerService        92 : sendMsg:[生产者发送消息]
2021-06-23 11:18:35.252  INFO 24188 [http-nio-7070-exec-8] j.l.y.c.p.controller.ProducerController  45 : sendMsg:[生产者发送消息]
2021-06-23 11:18:35.255  INFO 24188 [AMQP Connection 127.0.0.1:5672] j.l.y.c.p.confirm.RabbitConfirmCallback  21 : confirm:生产端 Confirm 消息确认机制[correlationData:null, ack:true, cause:null]
2021-06-23 11:19:35.119  INFO 24188 [http-nio-7070-exec-10] j.l.y.c.p.service.ProducerService        92 : sendMsg:[生产者发送消息]
2021-06-23 11:19:35.120  INFO 24188 [http-nio-7070-exec-10] j.l.y.c.p.controller.ProducerController  45 : sendMsg:[生产者发送消息]
2021-06-23 11:19:35.124  INFO 24188 [AMQP Connection 127.0.0.1:5672] j.l.y.c.p.confirm.RabbitConfirmCallback  21 : confirm:生产端 Confirm 消息确认机制[correlationData:null, ack:true, cause:null]
2021-06-23 11:21:45.664  INFO 24188 [http-nio-7070-exec-7] j.l.y.c.p.service.ProducerService        92 : sendMsg:[生产者发送消息]
2021-06-23 11:21:45.665  INFO 24188 [http-nio-7070-exec-7] j.l.y.c.p.controller.ProducerController  45 : sendMsg:[生产者发送消息]
2021-06-23 11:21:45.668  INFO 24188 [AMQP Connection 127.0.0.1:5672] j.l.y.c.p.confirm.RabbitConfirmCallback  21 : confirm:生产端 Confirm 消息确认机制[correlationData:null, ack:true, cause:null]
2021-06-23 18:12:40.051  WARN 24188 [AMQP Connection 127.0.0.1:5672] c.r.c.impl.ForgivingExceptionHandler     115 : An unexpected connection driver error occured (Exception message: Connection reset)
2021-06-23 18:12:40.097 ERROR 24188 [AMQP Connection 127.0.0.1:5672] o.s.a.r.c.CachingConnectionFactory       1349 : Channel shutdown: connection error
