2021-06-01 09:22:57.581  INFO 19136 [main] s.c.a.AnnotationConfigApplicationContext 588 : Refreshing org.springframework.context.annotation.AnnotationConfigApplicationContext@e52ef6: startup date [Tue Jun 01 09:22:57 CST 2021]; root of context hierarchy
2021-06-01 09:22:58.234  INFO 19136 [main] trationDelegate$BeanPostProcessorChecker 326 : Bean 'configurationPropertiesRebinderAutoConfiguration' of type [org.springframework.cloud.autoconfigure.ConfigurationPropertiesRebinderAutoConfiguration$$EnhancerBySpringCGLIB$$7835318d] is not eligible for getting processed by all BeanPostProcessors (for example: not eligible for auto-proxying)
2021-06-01 09:22:59.210  INFO 19136 [main] jin.li.yun.com.ProducerApplication       654 : No active profile set, falling back to default profiles: default
2021-06-01 09:22:59.238  INFO 19136 [main] ConfigServletWebServerApplicationContext 588 : Refreshing org.springframework.boot.web.servlet.context.AnnotationConfigServletWebServerApplicationContext@928307: startup date [Tue Jun 01 09:22:59 CST 2021]; parent: org.springframework.context.annotation.AnnotationConfigApplicationContext@e52ef6
2021-06-01 09:23:02.737  WARN 19136 [main] o.m.s.mapper.ClassPathMapperScanner      44 : No MyBatis mapper was found in '[jin.li.yun.com]' package. Please check your configuration.
2021-06-01 09:23:02.766  INFO 19136 [main] o.s.b.f.s.DefaultListableBeanFactory     821 : Overriding bean definition for bean 'dataSource' with a different definition: replacing [Root bean: class [null]; scope=refresh; abstract=false; lazyInit=false; autowireMode=3; dependencyCheck=0; autowireCandidate=false; primary=false; factoryBeanName=org.springframework.boot.autoconfigure.jdbc.DataSourceConfiguration$Hikari; factoryMethodName=dataSource; initMethodName=null; destroyMethodName=(inferred); defined in class path resource [org/springframework/boot/autoconfigure/jdbc/DataSourceConfiguration$Hikari.class]] with [Root bean: class [org.springframework.aop.scope.ScopedProxyFactoryBean]; scope=; abstract=false; lazyInit=false; autowireMode=0; dependencyCheck=0; autowireCandidate=true; primary=false; factoryBeanName=null; factoryMethodName=null; initMethodName=null; destroyMethodName=null; defined in BeanDefinition defined in class path resource [org/springframework/boot/autoconfigure/jdbc/DataSourceConfiguration$Hikari.class]]
2021-06-01 09:23:02.961  INFO 19136 [main] o.s.cloud.context.scope.GenericScope     294 : BeanFactory id=855896ae-3b25-3eae-9b94-7a8762a848e5
2021-06-01 09:23:03.036  INFO 19136 [main] trationDelegate$BeanPostProcessorChecker 326 : Bean 'org.springframework.amqp.rabbit.annotation.RabbitBootstrapConfiguration' of type [org.springframework.amqp.rabbit.annotation.RabbitBootstrapConfiguration$$EnhancerBySpringCGLIB$$2286ecbe] is not eligible for getting processed by all BeanPostProcessors (for example: not eligible for auto-proxying)
2021-06-01 09:23:03.141  INFO 19136 [main] trationDelegate$BeanPostProcessorChecker 326 : Bean 'org.springframework.transaction.annotation.ProxyTransactionManagementConfiguration' of type [org.springframework.transaction.annotation.ProxyTransactionManagementConfiguration$$EnhancerBySpringCGLIB$$5c1b2e90] is not eligible for getting processed by all BeanPostProcessors (for example: not eligible for auto-proxying)
2021-06-01 09:23:03.196  INFO 19136 [main] trationDelegate$BeanPostProcessorChecker 326 : Bean 'org.springframework.cloud.autoconfigure.ConfigurationPropertiesRebinderAutoConfiguration' of type [org.springframework.cloud.autoconfigure.ConfigurationPropertiesRebinderAutoConfiguration$$EnhancerBySpringCGLIB$$7835318d] is not eligible for getting processed by all BeanPostProcessors (for example: not eligible for auto-proxying)
2021-06-01 09:23:03.852  INFO 19136 [main] o.s.b.w.embedded.tomcat.TomcatWebServer  91 : Tomcat initialized with port(s): 7070 (http)
2021-06-01 09:23:03.872  INFO 19136 [main] o.a.coyote.http11.Http11NioProtocol      180 : Initializing ProtocolHandler ["http-nio-7070"]
2021-06-01 09:23:03.888  INFO 19136 [main] o.apache.catalina.core.StandardService   180 : Starting service [Tomcat]
2021-06-01 09:23:03.888  INFO 19136 [main] org.apache.catalina.core.StandardEngine  180 : Starting Servlet Engine: Apache Tomcat/8.5.37
2021-06-01 09:23:03.893  INFO 19136 [localhost-startStop-1] o.a.catalina.core.AprLifecycleListener   180 : The APR based Apache Tomcat Native library which allows optimal performance in production environments was not found on the java.library.path: [D:\tools\java\jdk1.8.0_202\bin;C:\Windows\Sun\Java\bin;C:\Windows\system32;C:\Windows;D:\tools\xshell6\;C:\Program Files (x86)\Common Files\Oracle\Java\javapath;C:\Windows\system32;C:\Windows;C:\Windows\System32\Wbem;C:\Windows\System32\WindowsPowerShell\v1.0\;C:\Windows\System32\OpenSSH\;D:\tools\java\git\Git\cmd;D:\tools\java\jdk1.8.0_202\bin;D:\tools\java\jdk1.8.0_202\jre\bin;D:\tools\java\maven\apache-maven-3.6.3\bin;D:\tools\mongodb\bin;D:\tools\navicat\instantclient-basic-win-x86-64-11.1.0.7.0\instantclient_11_1\bin;D:\tools\navicat\instantclient-basic-win-x86-64-11.1.0.7.0\instantclient_11_1\network\admin;D:\tools\jmeter\apache-jmeter-5.4.1\bin;D:\tools\erlang-23.3\erl-23.3\bin;C:\Users\ThinkPad\AppData\Local\Microsoft\WindowsApps;;D:\tools\java\idea\IntelliJ IDEA 2019.3.2\bin;;.]
2021-06-01 09:23:04.113  INFO 19136 [localhost-startStop-1] o.a.c.c.C.[.[localhost].[/producer]      180 : Initializing Spring embedded WebApplicationContext
2021-06-01 09:23:04.113  INFO 19136 [localhost-startStop-1] o.s.web.context.ContextLoader            296 : Root WebApplicationContext: initialization completed in 4875 ms
2021-06-01 09:23:05.569  INFO 19136 [localhost-startStop-1] o.s.b.w.servlet.FilterRegistrationBean   245 : Mapping filter: 'characterEncodingFilter' to: [/*]
2021-06-01 09:23:05.569  INFO 19136 [localhost-startStop-1] o.s.b.w.servlet.FilterRegistrationBean   245 : Mapping filter: 'webMvcMetricsFilter' to: [/*]
2021-06-01 09:23:05.569  INFO 19136 [localhost-startStop-1] o.s.b.w.servlet.FilterRegistrationBean   245 : Mapping filter: 'hiddenHttpMethodFilter' to: [/*]
2021-06-01 09:23:05.571  INFO 19136 [localhost-startStop-1] o.s.b.w.servlet.FilterRegistrationBean   245 : Mapping filter: 'httpPutFormContentFilter' to: [/*]
2021-06-01 09:23:05.571  INFO 19136 [localhost-startStop-1] o.s.b.w.servlet.FilterRegistrationBean   245 : Mapping filter: 'requestContextFilter' to: [/*]
2021-06-01 09:23:05.571  INFO 19136 [localhost-startStop-1] o.s.b.w.servlet.FilterRegistrationBean   245 : Mapping filter: 'httpTraceFilter' to: [/*]
2021-06-01 09:23:05.571  INFO 19136 [localhost-startStop-1] o.s.b.w.servlet.ServletRegistrationBean  187 : Servlet dispatcherServlet mapped to [/]
2021-06-01 09:23:05.626  INFO 19136 [main] jin.li.yun.com.ProducerApplication       33 : initRabbitTemplate:[初始化生产者消息确认机制]
2021-06-01 09:23:06.424  INFO 19136 [main] s.w.s.m.m.a.RequestMappingHandlerMapping 550 : Mapped "{[/send],methods=[GET]}" onto public jin.li.yun.com.common.api.ApiResult jin.li.yun.com.producer.controller.ProducerController.send()
2021-06-01 09:23:06.427  INFO 19136 [main] s.w.s.m.m.a.RequestMappingHandlerMapping 550 : Mapped "{[/label],methods=[POST]}" onto public jin.li.yun.com.common.api.ApiResult jin.li.yun.com.producer.controller.ProducerController.updLabel(jin.li.yun.com.common.entity.request.ContractTypeLabelUpdRequest)
2021-06-01 09:23:06.427  INFO 19136 [main] s.w.s.m.m.a.RequestMappingHandlerMapping 550 : Mapped "{[/send-msg],methods=[GET]}" onto public jin.li.yun.com.common.api.ApiResult jin.li.yun.com.producer.controller.ProducerController.sendMsg()
2021-06-01 09:23:06.429  INFO 19136 [main] s.w.s.m.m.a.RequestMappingHandlerMapping 550 : Mapped "{[/send-msg2],methods=[GET]}" onto public jin.li.yun.com.common.api.ApiResult jin.li.yun.com.producer.controller.ProducerController.sendMsg2()
2021-06-01 09:23:06.429  INFO 19136 [main] s.w.s.m.m.a.RequestMappingHandlerMapping 550 : Mapped "{[/error]}" onto public jin.li.yun.com.common.api.ApiResult jin.li.yun.com.common.exception.GlobalErrorController.handleError(javax.servlet.http.HttpServletRequest,javax.servlet.http.HttpServletResponse)
2021-06-01 09:23:06.437  INFO 19136 [main] s.w.s.m.m.a.RequestMappingHandlerMapping 550 : Mapped "{[/swagger-resources/configuration/security]}" onto public org.springframework.http.ResponseEntity<springfox.documentation.swagger.web.SecurityConfiguration> springfox.documentation.swagger.web.ApiResourceController.securityConfiguration()
2021-06-01 09:23:06.437  INFO 19136 [main] s.w.s.m.m.a.RequestMappingHandlerMapping 550 : Mapped "{[/swagger-resources/configuration/ui]}" onto public org.springframework.http.ResponseEntity<springfox.documentation.swagger.web.UiConfiguration> springfox.documentation.swagger.web.ApiResourceController.uiConfiguration()
2021-06-01 09:23:06.439  INFO 19136 [main] s.w.s.m.m.a.RequestMappingHandlerMapping 550 : Mapped "{[/swagger-resources]}" onto public org.springframework.http.ResponseEntity<java.util.List<springfox.documentation.swagger.web.SwaggerResource>> springfox.documentation.swagger.web.ApiResourceController.swaggerResources()
2021-06-01 09:23:06.564  INFO 19136 [main] o.s.b.a.e.web.EndpointLinksResolver      59 : Exposing 2 endpoint(s) beneath base path '/actuator'
2021-06-01 09:23:06.581  INFO 19136 [main] s.b.a.e.w.s.WebMvcEndpointHandlerMapping 550 : Mapped "{[/actuator/health],methods=[GET],produces=[application/vnd.spring-boot.actuator.v2+json || application/json]}" onto public java.lang.Object org.springframework.boot.actuate.endpoint.web.servlet.AbstractWebMvcEndpointHandlerMapping$OperationHandler.handle(javax.servlet.http.HttpServletRequest,java.util.Map<java.lang.String, java.lang.String>)
2021-06-01 09:23:06.584  INFO 19136 [main] s.b.a.e.w.s.WebMvcEndpointHandlerMapping 550 : Mapped "{[/actuator/info],methods=[GET],produces=[application/vnd.spring-boot.actuator.v2+json || application/json]}" onto public java.lang.Object org.springframework.boot.actuate.endpoint.web.servlet.AbstractWebMvcEndpointHandlerMapping$OperationHandler.handle(javax.servlet.http.HttpServletRequest,java.util.Map<java.lang.String, java.lang.String>)
2021-06-01 09:23:06.584  INFO 19136 [main] s.b.a.e.w.s.WebMvcEndpointHandlerMapping 550 : Mapped "{[/actuator],methods=[GET],produces=[application/vnd.spring-boot.actuator.v2+json || application/json]}" onto protected java.util.Map<java.lang.String, java.util.Map<java.lang.String, org.springframework.boot.actuate.endpoint.web.Link>> org.springframework.boot.actuate.endpoint.web.servlet.WebMvcEndpointHandlerMapping.links(javax.servlet.http.HttpServletRequest,javax.servlet.http.HttpServletResponse)
2021-06-01 09:23:06.833  INFO 19136 [main] pertySourcedRequestMappingHandlerMapping 69 : Mapped URL path [/v2/api-docs] onto method [public org.springframework.http.ResponseEntity<springfox.documentation.spring.web.json.Json> springfox.documentation.swagger2.web.Swagger2Controller.getDocumentation(java.lang.String,javax.servlet.http.HttpServletRequest)]
2021-06-01 09:23:06.910  WARN 19136 [main] c.n.c.sources.URLConfigurationSource     121 : No URLs will be polled as dynamic configuration sources.
2021-06-01 09:23:06.910  INFO 19136 [main] c.n.c.sources.URLConfigurationSource     122 : To enable URLs as dynamic configuration sources, define System property archaius.configurationSource.additionalUrls or make config.properties available on classpath.
2021-06-01 09:23:07.087  WARN 19136 [main] c.n.c.sources.URLConfigurationSource     121 : No URLs will be polled as dynamic configuration sources.
2021-06-01 09:23:07.087  INFO 19136 [main] c.n.c.sources.URLConfigurationSource     122 : To enable URLs as dynamic configuration sources, define System property archaius.configurationSource.additionalUrls or make config.properties available on classpath.
2021-06-01 09:23:07.194  INFO 19136 [main] o.s.w.s.handler.SimpleUrlHandlerMapping  373 : Mapped URL path [/**/favicon.ico] onto handler of type [class org.springframework.web.servlet.resource.ResourceHttpRequestHandler]
2021-06-01 09:23:07.431  INFO 19136 [main] s.w.s.m.m.a.RequestMappingHandlerAdapter 588 : Looking for @ControllerAdvice: org.springframework.boot.web.servlet.context.AnnotationConfigServletWebServerApplicationContext@928307: startup date [Tue Jun 01 09:22:59 CST 2021]; parent: org.springframework.context.annotation.AnnotationConfigApplicationContext@e52ef6
2021-06-01 09:23:07.501  INFO 19136 [main] o.s.w.s.handler.SimpleUrlHandlerMapping  373 : Mapped URL path [/webjars/**] onto handler of type [class org.springframework.web.servlet.resource.ResourceHttpRequestHandler]
2021-06-01 09:23:07.501  INFO 19136 [main] o.s.w.s.handler.SimpleUrlHandlerMapping  373 : Mapped URL path [/**] onto handler of type [class org.springframework.web.servlet.resource.ResourceHttpRequestHandler]
2021-06-01 09:23:07.521  INFO 19136 [main] .m.m.a.ExceptionHandlerExceptionResolver 288 : Detected @ExceptionHandler methods in globalExceptionHandler
2021-06-01 09:23:09.324  INFO 19136 [main] o.s.j.e.a.AnnotationMBeanExporter        433 : Registering beans for JMX exposure on startup
2021-06-01 09:23:09.326  INFO 19136 [main] o.s.j.e.a.AnnotationMBeanExporter        895 : Bean with name 'dataSource' has been autodetected for JMX exposure
2021-06-01 09:23:09.334  INFO 19136 [main] o.s.j.e.a.AnnotationMBeanExporter        895 : Bean with name 'rabbitConnectionFactory' has been autodetected for JMX exposure
2021-06-01 09:23:09.334  INFO 19136 [main] o.s.j.e.a.AnnotationMBeanExporter        895 : Bean with name 'environmentManager' has been autodetected for JMX exposure
2021-06-01 09:23:09.336  INFO 19136 [main] o.s.j.e.a.AnnotationMBeanExporter        895 : Bean with name 'refreshScope' has been autodetected for JMX exposure
2021-06-01 09:23:09.336  INFO 19136 [main] o.s.j.e.a.AnnotationMBeanExporter        895 : Bean with name 'configurationPropertiesRebinder' has been autodetected for JMX exposure
2021-06-01 09:23:09.339  INFO 19136 [main] o.s.j.e.a.AnnotationMBeanExporter        675 : Located managed bean 'environmentManager': registering with JMX server as MBean [org.springframework.cloud.context.environment:name=environmentManager,type=EnvironmentManager]
2021-06-01 09:23:09.352  INFO 19136 [main] o.s.j.e.a.AnnotationMBeanExporter        675 : Located managed bean 'refreshScope': registering with JMX server as MBean [org.springframework.cloud.context.scope.refresh:name=refreshScope,type=RefreshScope]
2021-06-01 09:23:09.362  INFO 19136 [main] o.s.j.e.a.AnnotationMBeanExporter        675 : Located managed bean 'configurationPropertiesRebinder': registering with JMX server as MBean [org.springframework.cloud.context.properties:name=configurationPropertiesRebinder,context=928307,type=ConfigurationPropertiesRebinder]
2021-06-01 09:23:09.367  INFO 19136 [main] o.s.j.e.a.AnnotationMBeanExporter        668 : Located MBean 'dataSource': registering with JMX server as MBean [com.zaxxer.hikari:name=dataSource,type=HikariDataSource]
2021-06-01 09:23:09.369  INFO 19136 [main] o.s.j.e.a.AnnotationMBeanExporter        675 : Located managed bean 'rabbitConnectionFactory': registering with JMX server as MBean [org.springframework.amqp.rabbit.connection:name=rabbitConnectionFactory,type=CachingConnectionFactory]
2021-06-01 09:23:09.384  INFO 19136 [main] o.s.c.support.DefaultLifecycleProcessor  356 : Starting beans in phase 2147483647
2021-06-01 09:23:09.384  INFO 19136 [main] d.s.w.p.DocumentationPluginsBootstrapper 160 : Context refreshed
2021-06-01 09:23:09.413  INFO 19136 [main] d.s.w.p.DocumentationPluginsBootstrapper 163 : Found 1 custom documentation plugin(s)
2021-06-01 09:23:09.453  INFO 19136 [main] s.d.s.w.s.ApiListingReferenceScanner     41 : Scanning for api listing references
2021-06-01 09:23:09.743  INFO 19136 [main] o.a.coyote.http11.Http11NioProtocol      180 : Starting ProtocolHandler ["http-nio-7070"]
2021-06-01 09:23:09.751  INFO 19136 [main] o.a.tomcat.util.net.NioSelectorPool      180 : Using a shared selector for servlet write/read
2021-06-01 09:23:09.769  INFO 19136 [main] o.s.b.w.embedded.tomcat.TomcatWebServer  206 : Tomcat started on port(s): 7070 (http) with context path '/producer'
2021-06-01 09:23:09.787  INFO 19136 [main] jin.li.yun.com.ProducerApplication       59 : Started ProducerApplication in 13.925 seconds (JVM running for 17.353)
2021-06-01 09:27:26.923  INFO 19136 [http-nio-7070-exec-6] o.a.c.c.C.[.[localhost].[/producer]      180 : Initializing Spring FrameworkServlet 'dispatcherServlet'
2021-06-01 09:27:26.924  INFO 19136 [http-nio-7070-exec-6] o.s.web.servlet.DispatcherServlet        497 : FrameworkServlet 'dispatcherServlet': initialization started
2021-06-01 09:27:26.955  INFO 19136 [http-nio-7070-exec-6] o.s.web.servlet.DispatcherServlet        512 : FrameworkServlet 'dispatcherServlet': initialization completed in 31 ms
2021-06-01 09:27:27.264  INFO 19136 [http-nio-7070-exec-6] j.l.y.c.p.controller.ProducerController  67 : login:[labelUpdRequest:{"new_doc_label":"Wj891201","old_doc_label":"rootaa"}]
2021-06-01 09:39:01.089  INFO 19136 [http-nio-7070-exec-2] j.l.y.c.p.controller.ProducerController  67 : login:[labelUpdRequest:{"new_doc_label":"456","new_doc_name":"123","old_doc_label":"bbb","old_doc_name":"aaa"}]
2021-06-01 09:42:24.545  INFO 19136 [http-nio-7070-exec-7] j.l.y.c.p.controller.ProducerController  67 : login:[labelUpdRequest:{"new_doc_label":"456","new_doc_name":"123","old_doc_label":"bbb","old_doc_name":"aaa"}]
2021-06-01 09:47:41.394  INFO 2952 [main] s.c.a.AnnotationConfigApplicationContext 588 : Refreshing org.springframework.context.annotation.AnnotationConfigApplicationContext@1bbc4e: startup date [Tue Jun 01 09:47:41 CST 2021]; root of context hierarchy
2021-06-01 09:47:41.645  INFO 2952 [main] trationDelegate$BeanPostProcessorChecker 326 : Bean 'configurationPropertiesRebinderAutoConfiguration' of type [org.springframework.cloud.autoconfigure.ConfigurationPropertiesRebinderAutoConfiguration$$EnhancerBySpringCGLIB$$f02800e] is not eligible for getting processed by all BeanPostProcessors (for example: not eligible for auto-proxying)
2021-06-01 09:47:42.406  INFO 2952 [main] jin.li.yun.com.ProducerApplication       654 : No active profile set, falling back to default profiles: default
2021-06-01 09:47:42.419  INFO 2952 [main] ConfigServletWebServerApplicationContext 588 : Refreshing org.springframework.boot.web.servlet.context.AnnotationConfigServletWebServerApplicationContext@c4e8b2: startup date [Tue Jun 01 09:47:42 CST 2021]; parent: org.springframework.context.annotation.AnnotationConfigApplicationContext@1bbc4e
2021-06-01 09:47:43.698  WARN 2952 [main] o.m.s.mapper.ClassPathMapperScanner      44 : No MyBatis mapper was found in '[jin.li.yun.com]' package. Please check your configuration.
2021-06-01 09:47:43.728  INFO 2952 [main] o.s.b.f.s.DefaultListableBeanFactory     821 : Overriding bean definition for bean 'dataSource' with a different definition: replacing [Root bean: class [null]; scope=refresh; abstract=false; lazyInit=false; autowireMode=3; dependencyCheck=0; autowireCandidate=false; primary=false; factoryBeanName=org.springframework.boot.autoconfigure.jdbc.DataSourceConfiguration$Hikari; factoryMethodName=dataSource; initMethodName=null; destroyMethodName=(inferred); defined in class path resource [org/springframework/boot/autoconfigure/jdbc/DataSourceConfiguration$Hikari.class]] with [Root bean: class [org.springframework.aop.scope.ScopedProxyFactoryBean]; scope=; abstract=false; lazyInit=false; autowireMode=0; dependencyCheck=0; autowireCandidate=true; primary=false; factoryBeanName=null; factoryMethodName=null; initMethodName=null; destroyMethodName=null; defined in BeanDefinition defined in class path resource [org/springframework/boot/autoconfigure/jdbc/DataSourceConfiguration$Hikari.class]]
2021-06-01 09:47:43.921  INFO 2952 [main] o.s.cloud.context.scope.GenericScope     294 : BeanFactory id=855896ae-3b25-3eae-9b94-7a8762a848e5
2021-06-01 09:47:43.993  INFO 2952 [main] trationDelegate$BeanPostProcessorChecker 326 : Bean 'org.springframework.amqp.rabbit.annotation.RabbitBootstrapConfiguration' of type [org.springframework.amqp.rabbit.annotation.RabbitBootstrapConfiguration$$EnhancerBySpringCGLIB$$b9543b3f] is not eligible for getting processed by all BeanPostProcessors (for example: not eligible for auto-proxying)
2021-06-01 09:47:44.091  INFO 2952 [main] trationDelegate$BeanPostProcessorChecker 326 : Bean 'org.springframework.transaction.annotation.ProxyTransactionManagementConfiguration' of type [org.springframework.transaction.annotation.ProxyTransactionManagementConfiguration$$EnhancerBySpringCGLIB$$f2e87d11] is not eligible for getting processed by all BeanPostProcessors (for example: not eligible for auto-proxying)
2021-06-01 09:47:44.191  INFO 2952 [main] trationDelegate$BeanPostProcessorChecker 326 : Bean 'org.springframework.cloud.autoconfigure.ConfigurationPropertiesRebinderAutoConfiguration' of type [org.springframework.cloud.autoconfigure.ConfigurationPropertiesRebinderAutoConfiguration$$EnhancerBySpringCGLIB$$f02800e] is not eligible for getting processed by all BeanPostProcessors (for example: not eligible for auto-proxying)
2021-06-01 09:47:44.603  INFO 2952 [main] o.s.b.w.embedded.tomcat.TomcatWebServer  91 : Tomcat initialized with port(s): 7070 (http)
2021-06-01 09:47:44.616  INFO 2952 [main] o.a.coyote.http11.Http11NioProtocol      180 : Initializing ProtocolHandler ["http-nio-7070"]
2021-06-01 09:47:44.633  INFO 2952 [main] o.apache.catalina.core.StandardService   180 : Starting service [Tomcat]
2021-06-01 09:47:44.633  INFO 2952 [main] org.apache.catalina.core.StandardEngine  180 : Starting Servlet Engine: Apache Tomcat/8.5.37
2021-06-01 09:47:44.638  INFO 2952 [localhost-startStop-1] o.a.catalina.core.AprLifecycleListener   180 : The APR based Apache Tomcat Native library which allows optimal performance in production environments was not found on the java.library.path: [D:\tools\java\jdk1.8.0_202\bin;C:\Windows\Sun\Java\bin;C:\Windows\system32;C:\Windows;D:\tools\xshell6\;C:\Program Files (x86)\Common Files\Oracle\Java\javapath;C:\Windows\system32;C:\Windows;C:\Windows\System32\Wbem;C:\Windows\System32\WindowsPowerShell\v1.0\;C:\Windows\System32\OpenSSH\;D:\tools\java\git\Git\cmd;D:\tools\java\jdk1.8.0_202\bin;D:\tools\java\jdk1.8.0_202\jre\bin;D:\tools\java\maven\apache-maven-3.6.3\bin;D:\tools\mongodb\bin;D:\tools\navicat\instantclient-basic-win-x86-64-11.1.0.7.0\instantclient_11_1\bin;D:\tools\navicat\instantclient-basic-win-x86-64-11.1.0.7.0\instantclient_11_1\network\admin;D:\tools\jmeter\apache-jmeter-5.4.1\bin;D:\tools\erlang-23.3\erl-23.3\bin;C:\Users\ThinkPad\AppData\Local\Microsoft\WindowsApps;;D:\tools\java\idea\IntelliJ IDEA 2019.3.2\bin;;.]
2021-06-01 09:47:44.821  INFO 2952 [localhost-startStop-1] o.a.c.c.C.[.[localhost].[/producer]      180 : Initializing Spring embedded WebApplicationContext
2021-06-01 09:47:44.823  INFO 2952 [localhost-startStop-1] o.s.web.context.ContextLoader            296 : Root WebApplicationContext: initialization completed in 2404 ms
2021-06-01 09:47:46.114  INFO 2952 [localhost-startStop-1] o.s.b.w.servlet.FilterRegistrationBean   245 : Mapping filter: 'characterEncodingFilter' to: [/*]
2021-06-01 09:47:46.188  INFO 2952 [localhost-startStop-1] o.s.b.w.servlet.FilterRegistrationBean   245 : Mapping filter: 'webMvcMetricsFilter' to: [/*]
2021-06-01 09:47:46.189  INFO 2952 [localhost-startStop-1] o.s.b.w.servlet.FilterRegistrationBean   245 : Mapping filter: 'hiddenHttpMethodFilter' to: [/*]
2021-06-01 09:47:46.189  INFO 2952 [localhost-startStop-1] o.s.b.w.servlet.FilterRegistrationBean   245 : Mapping filter: 'httpPutFormContentFilter' to: [/*]
2021-06-01 09:47:46.189  INFO 2952 [localhost-startStop-1] o.s.b.w.servlet.FilterRegistrationBean   245 : Mapping filter: 'requestContextFilter' to: [/*]
2021-06-01 09:47:46.189  INFO 2952 [localhost-startStop-1] o.s.b.w.servlet.FilterRegistrationBean   245 : Mapping filter: 'httpTraceFilter' to: [/*]
2021-06-01 09:47:46.190  INFO 2952 [localhost-startStop-1] o.s.b.w.servlet.ServletRegistrationBean  187 : Servlet dispatcherServlet mapped to [/]
2021-06-01 09:47:46.244  INFO 2952 [main] jin.li.yun.com.ProducerApplication       33 : initRabbitTemplate:[初始化生产者消息确认机制]
2021-06-01 09:47:46.791  INFO 2952 [main] s.w.s.m.m.a.RequestMappingHandlerMapping 550 : Mapped "{[/send],methods=[GET]}" onto public jin.li.yun.com.common.api.ApiResult jin.li.yun.com.producer.controller.ProducerController.send()
2021-06-01 09:47:46.794  INFO 2952 [main] s.w.s.m.m.a.RequestMappingHandlerMapping 550 : Mapped "{[/send-msg],methods=[GET]}" onto public jin.li.yun.com.common.api.ApiResult jin.li.yun.com.producer.controller.ProducerController.sendMsg()
2021-06-01 09:47:46.794  INFO 2952 [main] s.w.s.m.m.a.RequestMappingHandlerMapping 550 : Mapped "{[/send-msg2],methods=[GET]}" onto public jin.li.yun.com.common.api.ApiResult jin.li.yun.com.producer.controller.ProducerController.sendMsg2()
2021-06-01 09:47:46.794  INFO 2952 [main] s.w.s.m.m.a.RequestMappingHandlerMapping 550 : Mapped "{[/label],methods=[POST]}" onto public jin.li.yun.com.common.api.ApiResult jin.li.yun.com.producer.controller.ProducerController.updLabel(com.alibaba.fastjson.JSONObject)
2021-06-01 09:47:46.796  INFO 2952 [main] s.w.s.m.m.a.RequestMappingHandlerMapping 550 : Mapped "{[/error]}" onto public jin.li.yun.com.common.api.ApiResult jin.li.yun.com.common.exception.GlobalErrorController.handleError(javax.servlet.http.HttpServletRequest,javax.servlet.http.HttpServletResponse)
2021-06-01 09:47:46.801  INFO 2952 [main] s.w.s.m.m.a.RequestMappingHandlerMapping 550 : Mapped "{[/swagger-resources/configuration/security]}" onto public org.springframework.http.ResponseEntity<springfox.documentation.swagger.web.SecurityConfiguration> springfox.documentation.swagger.web.ApiResourceController.securityConfiguration()
2021-06-01 09:47:46.801  INFO 2952 [main] s.w.s.m.m.a.RequestMappingHandlerMapping 550 : Mapped "{[/swagger-resources/configuration/ui]}" onto public org.springframework.http.ResponseEntity<springfox.documentation.swagger.web.UiConfiguration> springfox.documentation.swagger.web.ApiResourceController.uiConfiguration()
2021-06-01 09:47:46.804  INFO 2952 [main] s.w.s.m.m.a.RequestMappingHandlerMapping 550 : Mapped "{[/swagger-resources]}" onto public org.springframework.http.ResponseEntity<java.util.List<springfox.documentation.swagger.web.SwaggerResource>> springfox.documentation.swagger.web.ApiResourceController.swaggerResources()
2021-06-01 09:47:46.921  INFO 2952 [main] o.s.b.a.e.web.EndpointLinksResolver      59 : Exposing 2 endpoint(s) beneath base path '/actuator'
2021-06-01 09:47:46.944  INFO 2952 [main] s.b.a.e.w.s.WebMvcEndpointHandlerMapping 550 : Mapped "{[/actuator/health],methods=[GET],produces=[application/vnd.spring-boot.actuator.v2+json || application/json]}" onto public java.lang.Object org.springframework.boot.actuate.endpoint.web.servlet.AbstractWebMvcEndpointHandlerMapping$OperationHandler.handle(javax.servlet.http.HttpServletRequest,java.util.Map<java.lang.String, java.lang.String>)
2021-06-01 09:47:46.944  INFO 2952 [main] s.b.a.e.w.s.WebMvcEndpointHandlerMapping 550 : Mapped "{[/actuator/info],methods=[GET],produces=[application/vnd.spring-boot.actuator.v2+json || application/json]}" onto public java.lang.Object org.springframework.boot.actuate.endpoint.web.servlet.AbstractWebMvcEndpointHandlerMapping$OperationHandler.handle(javax.servlet.http.HttpServletRequest,java.util.Map<java.lang.String, java.lang.String>)
2021-06-01 09:47:46.946  INFO 2952 [main] s.b.a.e.w.s.WebMvcEndpointHandlerMapping 550 : Mapped "{[/actuator],methods=[GET],produces=[application/vnd.spring-boot.actuator.v2+json || application/json]}" onto protected java.util.Map<java.lang.String, java.util.Map<java.lang.String, org.springframework.boot.actuate.endpoint.web.Link>> org.springframework.boot.actuate.endpoint.web.servlet.WebMvcEndpointHandlerMapping.links(javax.servlet.http.HttpServletRequest,javax.servlet.http.HttpServletResponse)
2021-06-01 09:47:47.199  INFO 2952 [main] pertySourcedRequestMappingHandlerMapping 69 : Mapped URL path [/v2/api-docs] onto method [public org.springframework.http.ResponseEntity<springfox.documentation.spring.web.json.Json> springfox.documentation.swagger2.web.Swagger2Controller.getDocumentation(java.lang.String,javax.servlet.http.HttpServletRequest)]
2021-06-01 09:47:47.254  WARN 2952 [main] c.n.c.sources.URLConfigurationSource     121 : No URLs will be polled as dynamic configuration sources.
2021-06-01 09:47:47.254  INFO 2952 [main] c.n.c.sources.URLConfigurationSource     122 : To enable URLs as dynamic configuration sources, define System property archaius.configurationSource.additionalUrls or make config.properties available on classpath.
2021-06-01 09:47:47.259  WARN 2952 [main] c.n.c.sources.URLConfigurationSource     121 : No URLs will be polled as dynamic configuration sources.
2021-06-01 09:47:47.259  INFO 2952 [main] c.n.c.sources.URLConfigurationSource     122 : To enable URLs as dynamic configuration sources, define System property archaius.configurationSource.additionalUrls or make config.properties available on classpath.
2021-06-01 09:47:47.369  INFO 2952 [main] o.s.w.s.handler.SimpleUrlHandlerMapping  373 : Mapped URL path [/**/favicon.ico] onto handler of type [class org.springframework.web.servlet.resource.ResourceHttpRequestHandler]
2021-06-01 09:47:47.569  INFO 2952 [main] s.w.s.m.m.a.RequestMappingHandlerAdapter 588 : Looking for @ControllerAdvice: org.springframework.boot.web.servlet.context.AnnotationConfigServletWebServerApplicationContext@c4e8b2: startup date [Tue Jun 01 09:47:42 CST 2021]; parent: org.springframework.context.annotation.AnnotationConfigApplicationContext@1bbc4e
2021-06-01 09:47:47.631  INFO 2952 [main] o.s.w.s.handler.SimpleUrlHandlerMapping  373 : Mapped URL path [/webjars/**] onto handler of type [class org.springframework.web.servlet.resource.ResourceHttpRequestHandler]
2021-06-01 09:47:47.631  INFO 2952 [main] o.s.w.s.handler.SimpleUrlHandlerMapping  373 : Mapped URL path [/**] onto handler of type [class org.springframework.web.servlet.resource.ResourceHttpRequestHandler]
2021-06-01 09:47:47.659  INFO 2952 [main] .m.m.a.ExceptionHandlerExceptionResolver 288 : Detected @ExceptionHandler methods in globalExceptionHandler
2021-06-01 09:47:49.295  INFO 2952 [main] o.s.j.e.a.AnnotationMBeanExporter        433 : Registering beans for JMX exposure on startup
2021-06-01 09:47:49.297  INFO 2952 [main] o.s.j.e.a.AnnotationMBeanExporter        895 : Bean with name 'dataSource' has been autodetected for JMX exposure
2021-06-01 09:47:49.305  INFO 2952 [main] o.s.j.e.a.AnnotationMBeanExporter        895 : Bean with name 'rabbitConnectionFactory' has been autodetected for JMX exposure
2021-06-01 09:47:49.307  INFO 2952 [main] o.s.j.e.a.AnnotationMBeanExporter        895 : Bean with name 'environmentManager' has been autodetected for JMX exposure
2021-06-01 09:47:49.307  INFO 2952 [main] o.s.j.e.a.AnnotationMBeanExporter        895 : Bean with name 'refreshScope' has been autodetected for JMX exposure
2021-06-01 09:47:49.310  INFO 2952 [main] o.s.j.e.a.AnnotationMBeanExporter        895 : Bean with name 'configurationPropertiesRebinder' has been autodetected for JMX exposure
2021-06-01 09:47:49.312  INFO 2952 [main] o.s.j.e.a.AnnotationMBeanExporter        675 : Located managed bean 'environmentManager': registering with JMX server as MBean [org.springframework.cloud.context.environment:name=environmentManager,type=EnvironmentManager]
2021-06-01 09:47:49.322  INFO 2952 [main] o.s.j.e.a.AnnotationMBeanExporter        675 : Located managed bean 'refreshScope': registering with JMX server as MBean [org.springframework.cloud.context.scope.refresh:name=refreshScope,type=RefreshScope]
2021-06-01 09:47:49.332  INFO 2952 [main] o.s.j.e.a.AnnotationMBeanExporter        675 : Located managed bean 'configurationPropertiesRebinder': registering with JMX server as MBean [org.springframework.cloud.context.properties:name=configurationPropertiesRebinder,context=c4e8b2,type=ConfigurationPropertiesRebinder]
2021-06-01 09:47:49.340  INFO 2952 [main] o.s.j.e.a.AnnotationMBeanExporter        668 : Located MBean 'dataSource': registering with JMX server as MBean [com.zaxxer.hikari:name=dataSource,type=HikariDataSource]
2021-06-01 09:47:49.340  INFO 2952 [main] o.s.j.e.a.AnnotationMBeanExporter        675 : Located managed bean 'rabbitConnectionFactory': registering with JMX server as MBean [org.springframework.amqp.rabbit.connection:name=rabbitConnectionFactory,type=CachingConnectionFactory]
2021-06-01 09:47:49.357  INFO 2952 [main] o.s.c.support.DefaultLifecycleProcessor  356 : Starting beans in phase 2147483647
2021-06-01 09:47:49.357  INFO 2952 [main] d.s.w.p.DocumentationPluginsBootstrapper 160 : Context refreshed
2021-06-01 09:47:49.377  INFO 2952 [main] d.s.w.p.DocumentationPluginsBootstrapper 163 : Found 1 custom documentation plugin(s)
2021-06-01 09:47:49.407  INFO 2952 [main] s.d.s.w.s.ApiListingReferenceScanner     41 : Scanning for api listing references
2021-06-01 09:47:49.607  INFO 2952 [main] o.a.coyote.http11.Http11NioProtocol      180 : Starting ProtocolHandler ["http-nio-7070"]
2021-06-01 09:47:49.614  INFO 2952 [main] o.a.tomcat.util.net.NioSelectorPool      180 : Using a shared selector for servlet write/read
2021-06-01 09:47:49.634  INFO 2952 [main] o.s.b.w.embedded.tomcat.TomcatWebServer  206 : Tomcat started on port(s): 7070 (http) with context path '/producer'
2021-06-01 09:47:49.637  INFO 2952 [main] jin.li.yun.com.ProducerApplication       59 : Started ProducerApplication in 9.759 seconds (JVM running for 11.074)
2021-06-01 09:47:55.667  INFO 2952 [http-nio-7070-exec-3] o.a.c.c.C.[.[localhost].[/producer]      180 : Initializing Spring FrameworkServlet 'dispatcherServlet'
2021-06-01 09:47:55.668  INFO 2952 [http-nio-7070-exec-3] o.s.web.servlet.DispatcherServlet        497 : FrameworkServlet 'dispatcherServlet': initialization started
2021-06-01 09:47:55.697  INFO 2952 [http-nio-7070-exec-3] o.s.web.servlet.DispatcherServlet        512 : FrameworkServlet 'dispatcherServlet': initialization completed in 29 ms
2021-06-01 09:47:55.887  INFO 2952 [http-nio-7070-exec-3] j.l.y.c.p.controller.ProducerController  68 : login:[labelUpdRequest:{"new_doc_label":"Wj891201","old_doc_label":"rootaa"}]
