2021-07-12 16:30:36.863  INFO 13228 [main] s.c.a.AnnotationConfigApplicationContext 588 : Refreshing org.springframework.context.annotation.AnnotationConfigApplicationContext@1536d9e: startup date [Mon Jul 12 16:30:36 CST 2021]; root of context hierarchy
2021-07-12 16:30:37.270  INFO 13228 [main] f.a.AutowiredAnnotationBeanPostProcessor 153 : JSR-330 'javax.inject.Inject' annotation found and supported for autowiring
2021-07-12 16:30:37.342  INFO 13228 [main] trationDelegate$BeanPostProcessorChecker 326 : Bean 'configurationPropertiesRebinderAutoConfiguration' of type [org.springframework.cloud.autoconfigure.ConfigurationPropertiesRebinderAutoConfiguration$$EnhancerBySpringCGLIB$$91c6535c] is not eligible for getting processed by all BeanPostProcessors (for example: not eligible for auto-proxying)
2021-07-12 16:30:38.809  INFO 13228 [main] jin.li.yun.com.UserApplication           654 : No active profile set, falling back to default profiles: default
2021-07-12 16:30:38.836  INFO 13228 [main] ConfigServletWebServerApplicationContext 588 : Refreshing org.springframework.boot.web.servlet.context.AnnotationConfigServletWebServerApplicationContext@1629510: startup date [Mon Jul 12 16:30:38 CST 2021]; parent: org.springframework.context.annotation.AnnotationConfigApplicationContext@1536d9e
2021-07-12 16:30:41.266  INFO 13228 [main] o.s.b.f.s.DefaultListableBeanFactory     821 : Overriding bean definition for bean 'dataSource' with a different definition: replacing [Root bean: class [null]; scope=refresh; abstract=false; lazyInit=false; autowireMode=3; dependencyCheck=0; autowireCandidate=false; primary=false; factoryBeanName=org.springframework.boot.autoconfigure.jdbc.DataSourceConfiguration$Hikari; factoryMethodName=dataSource; initMethodName=null; destroyMethodName=(inferred); defined in class path resource [org/springframework/boot/autoconfigure/jdbc/DataSourceConfiguration$Hikari.class]] with [Root bean: class [org.springframework.aop.scope.ScopedProxyFactoryBean]; scope=; abstract=false; lazyInit=false; autowireMode=0; dependencyCheck=0; autowireCandidate=true; primary=false; factoryBeanName=null; factoryMethodName=null; initMethodName=null; destroyMethodName=null; defined in BeanDefinition defined in class path resource [org/springframework/boot/autoconfigure/jdbc/DataSourceConfiguration$Hikari.class]]
2021-07-12 16:30:41.598  INFO 13228 [main] o.s.cloud.context.scope.GenericScope     294 : BeanFactory id=7aaa4355-839c-37b9-8124-3a1f86d17670
2021-07-12 16:30:41.629  INFO 13228 [main] f.a.AutowiredAnnotationBeanPostProcessor 153 : JSR-330 'javax.inject.Inject' annotation found and supported for autowiring
2021-07-12 16:30:41.902  INFO 13228 [main] trationDelegate$BeanPostProcessorChecker 326 : Bean 'org.springframework.transaction.annotation.ProxyTransactionManagementConfiguration' of type [org.springframework.transaction.annotation.ProxyTransactionManagementConfiguration$$EnhancerBySpringCGLIB$$75ac505f] is not eligible for getting processed by all BeanPostProcessors (for example: not eligible for auto-proxying)
2021-07-12 16:30:42.095  INFO 13228 [main] trationDelegate$BeanPostProcessorChecker 326 : Bean 'org.springframework.boot.autoconfigure.data.neo4j.Neo4jDataAutoConfiguration' of type [org.springframework.boot.autoconfigure.data.neo4j.Neo4jDataAutoConfiguration$$EnhancerBySpringCGLIB$$4986a36b] is not eligible for getting processed by all BeanPostProcessors (for example: not eligible for auto-proxying)
2021-07-12 16:30:42.121  INFO 13228 [main] trationDelegate$BeanPostProcessorChecker 326 : Bean 'org.springframework.boot.context.properties.ConversionServiceDeducer$Factory' of type [org.springframework.boot.context.properties.ConversionServiceDeducer$Factory] is not eligible for getting processed by all BeanPostProcessors (for example: not eligible for auto-proxying)
2021-07-12 16:30:42.125  INFO 13228 [main] trationDelegate$BeanPostProcessorChecker 326 : Bean 'spring.data.neo4j-org.springframework.boot.autoconfigure.data.neo4j.Neo4jProperties' of type [org.springframework.boot.autoconfigure.data.neo4j.Neo4jProperties] is not eligible for getting processed by all BeanPostProcessors (for example: not eligible for auto-proxying)
2021-07-12 16:30:42.140  INFO 13228 [main] trationDelegate$BeanPostProcessorChecker 326 : Bean 'configuration' of type [org.neo4j.ogm.config.Configuration] is not eligible for getting processed by all BeanPostProcessors (for example: not eligible for auto-proxying)
2021-07-12 16:30:43.467  INFO 13228 [main] org.neo4j.ogm.metadata.DomainInfo        154 : Starting Post-processing phase
2021-07-12 16:30:43.467  INFO 13228 [main] org.neo4j.ogm.metadata.DomainInfo        120 : Building annotation class map
2021-07-12 16:30:43.468  INFO 13228 [main] org.neo4j.ogm.metadata.DomainInfo        133 : Building interface class map for 70 classes
2021-07-12 16:30:43.497  INFO 13228 [main] org.neo4j.ogm.metadata.DomainInfo        210 : Post-processing complete
2021-07-12 16:30:43.524  INFO 13228 [main] trationDelegate$BeanPostProcessorChecker 326 : Bean 'sessionFactory' of type [org.neo4j.ogm.session.SessionFactory] is not eligible for getting processed by all BeanPostProcessors (for example: not eligible for auto-proxying)
2021-07-12 16:30:43.553  INFO 13228 [main] trationDelegate$BeanPostProcessorChecker 326 : Bean 'org.springframework.cloud.autoconfigure.ConfigurationPropertiesRebinderAutoConfiguration' of type [org.springframework.cloud.autoconfigure.ConfigurationPropertiesRebinderAutoConfiguration$$EnhancerBySpringCGLIB$$91c6535c] is not eligible for getting processed by all BeanPostProcessors (for example: not eligible for auto-proxying)
2021-07-12 16:30:44.042  WARN 13228 [main] o.a.catalina.core.AprLifecycleListener   182 : The APR based Apache Tomcat Native library failed to load. The error reported was [D:\tools\java\tomcat\apache-tomcat-9.0.48\bin\tcnative-1.dll: Can't load AMD 64-bit .dll on a IA 32-bit platform]

java.lang.UnsatisfiedLinkError: D:\tools\java\tomcat\apache-tomcat-9.0.48\bin\tcnative-1.dll: Can't load AMD 64-bit .dll on a IA 32-bit platform
	at java.lang.ClassLoader$NativeLibrary.load(Native Method)
	at java.lang.ClassLoader.loadLibrary0(ClassLoader.java:1941)
	at java.lang.ClassLoader.loadLibrary(ClassLoader.java:1857)
	at java.lang.Runtime.loadLibrary0(Runtime.java:870)
	at java.lang.System.loadLibrary(System.java:1122)
	at org.apache.tomcat.jni.Library.<init>(Library.java:42)
	at org.apache.tomcat.jni.Library.initialize(Library.java:178)
	at org.apache.catalina.core.AprLifecycleListener.init(AprLifecycleListener.java:198)
	at org.apache.catalina.core.AprLifecycleListener.isAprAvailable(AprLifecycleListener.java:107)
	at org.apache.catalina.connector.Connector.setProtocol(Connector.java:582)
	at org.apache.catalina.connector.Connector.<init>(Connector.java:74)
	at org.springframework.boot.web.embedded.tomcat.TomcatServletWebServerFactory.getWebServer(TomcatServletWebServerFactory.java:164)
	at org.springframework.boot.web.servlet.context.ServletWebServerApplicationContext.createWebServer(ServletWebServerApplicationContext.java:181)
	at org.springframework.boot.web.servlet.context.ServletWebServerApplicationContext.onRefresh(ServletWebServerApplicationContext.java:154)
	at org.springframework.context.support.AbstractApplicationContext.refresh(AbstractApplicationContext.java:542)
	at org.springframework.boot.web.servlet.context.ServletWebServerApplicationContext.refresh(ServletWebServerApplicationContext.java:142)
	at org.springframework.boot.SpringApplication.refresh(SpringApplication.java:754)
	at org.springframework.boot.SpringApplication.refreshContext(SpringApplication.java:386)
	at org.springframework.boot.SpringApplication.run(SpringApplication.java:307)
	at org.springframework.boot.SpringApplication.run(SpringApplication.java:1242)
	at org.springframework.boot.SpringApplication.run(SpringApplication.java:1230)
	at jin.li.yun.com.UserApplication.main(UserApplication.java:19)

2021-07-12 16:30:44.318  INFO 13228 [main] o.s.b.w.embedded.tomcat.TomcatWebServer  91 : Tomcat initialized with port(s): 5050 (http)
2021-07-12 16:30:44.348  INFO 13228 [main] o.a.coyote.http11.Http11NioProtocol      180 : Initializing ProtocolHandler ["http-nio-5050"]
2021-07-12 16:30:44.383  INFO 13228 [main] o.apache.catalina.core.StandardService   180 : Starting service [Tomcat]
2021-07-12 16:30:44.383  INFO 13228 [main] org.apache.catalina.core.StandardEngine  180 : Starting Servlet Engine: Apache Tomcat/8.5.37
2021-07-12 16:30:44.724  INFO 13228 [localhost-startStop-1] o.a.c.c.C.[Tomcat].[localhost].[/user]   180 : Initializing Spring embedded WebApplicationContext
2021-07-12 16:30:44.724  INFO 13228 [localhost-startStop-1] o.s.web.context.ContextLoader            296 : Root WebApplicationContext: initialization completed in 5888 ms
2021-07-12 16:30:45.069  WARN 13228 [localhost-startStop-1] c.n.c.sources.URLConfigurationSource     121 : No URLs will be polled as dynamic configuration sources.
2021-07-12 16:30:45.070  INFO 13228 [localhost-startStop-1] c.n.c.sources.URLConfigurationSource     122 : To enable URLs as dynamic configuration sources, define System property archaius.configurationSource.additionalUrls or make config.properties available on classpath.
2021-07-12 16:30:45.083  INFO 13228 [localhost-startStop-1] c.netflix.config.DynamicPropertyFactory  281 : DynamicPropertyFactory is initialized with configuration sources: com.netflix.config.ConcurrentCompositeConfiguration@750745
2021-07-12 16:30:48.422  INFO 13228 [localhost-startStop-1] o.s.b.w.servlet.FilterRegistrationBean   245 : Mapping filter: 'characterEncodingFilter' to: [/*]
2021-07-12 16:30:48.422  INFO 13228 [localhost-startStop-1] o.s.b.w.servlet.FilterRegistrationBean   245 : Mapping filter: 'webMvcMetricsFilter' to: [/*]
2021-07-12 16:30:48.423  INFO 13228 [localhost-startStop-1] o.s.b.w.servlet.FilterRegistrationBean   245 : Mapping filter: 'hiddenHttpMethodFilter' to: [/*]
2021-07-12 16:30:48.424  INFO 13228 [localhost-startStop-1] o.s.b.w.servlet.FilterRegistrationBean   245 : Mapping filter: 'httpPutFormContentFilter' to: [/*]
2021-07-12 16:30:48.424  INFO 13228 [localhost-startStop-1] o.s.b.w.servlet.FilterRegistrationBean   245 : Mapping filter: 'requestContextFilter' to: [/*]
2021-07-12 16:30:48.424  INFO 13228 [localhost-startStop-1] o.s.b.w.servlet.FilterRegistrationBean   245 : Mapping filter: 'httpTraceFilter' to: [/*]
2021-07-12 16:30:48.425  INFO 13228 [localhost-startStop-1] o.s.b.w.servlet.ServletRegistrationBean  187 : Servlet dispatcherServlet mapped to [/]
2021-07-12 16:30:49.590  INFO 13228 [main] s.c.a.AnnotationConfigApplicationContext 588 : Refreshing FeignContext-cloud-order: startup date [Mon Jul 12 16:30:49 CST 2021]; parent: org.springframework.boot.web.servlet.context.AnnotationConfigServletWebServerApplicationContext@1629510
2021-07-12 16:30:49.623  INFO 13228 [main] f.a.AutowiredAnnotationBeanPostProcessor 153 : JSR-330 'javax.inject.Inject' annotation found and supported for autowiring
2021-07-12 16:30:50.561  WARN 13228 [main] ebConfiguration$Neo4jWebMvcConfiguration 133 : spring.data.neo4j.open-in-view is enabled by default.Therefore, database queries may be performed during view rendering. Explicitly configure spring.data.neo4j.open-in-view to disable this warning
2021-07-12 16:30:50.667  INFO 13228 [main] s.w.s.m.m.a.RequestMappingHandlerMapping 550 : Mapped "{[/mini/user/detail],methods=[GET]}" onto public jin.li.yun.com.common.api.ApiResult jin.li.yun.com.user.controller.mini.UserController.detail(java.lang.String)
2021-07-12 16:30:50.669  INFO 13228 [main] s.w.s.m.m.a.RequestMappingHandlerMapping 550 : Mapped "{[/mini/user/order-list],methods=[GET]}" onto public jin.li.yun.com.common.api.ApiResult jin.li.yun.com.user.controller.mini.UserController.orderList(long)
2021-07-12 16:30:50.671  INFO 13228 [main] s.w.s.m.m.a.RequestMappingHandlerMapping 550 : Mapped "{[/mini/user/auth-token],methods=[POST]}" onto public jin.li.yun.com.common.api.ApiResult jin.li.yun.com.user.controller.mini.UserController.authToken(jin.li.yun.com.common.entity.request.UserLoginReq)
2021-07-12 16:30:50.676  INFO 13228 [main] s.w.s.m.m.a.RequestMappingHandlerMapping 550 : Mapped "{[/saas/user/register],methods=[POST]}" onto public jin.li.yun.com.common.api.ApiResult jin.li.yun.com.user.controller.saas.UserController.register(jin.li.yun.com.common.entity.request.UserReq)
2021-07-12 16:30:50.677  INFO 13228 [main] s.w.s.m.m.a.RequestMappingHandlerMapping 550 : Mapped "{[/saas/user/delete/{id}],methods=[DELETE]}" onto public jin.li.yun.com.common.api.ApiResult jin.li.yun.com.user.controller.saas.UserController.delete(long)
2021-07-12 16:30:50.678  INFO 13228 [main] s.w.s.m.m.a.RequestMappingHandlerMapping 550 : Mapped "{[/saas/user/test],methods=[POST]}" onto public jin.li.yun.com.common.api.ApiResult jin.li.yun.com.user.controller.saas.UserController.testGlobalException(int)
2021-07-12 16:30:50.678  INFO 13228 [main] s.w.s.m.m.a.RequestMappingHandlerMapping 550 : Mapped "{[/saas/user/{id}],methods=[GET]}" onto public jin.li.yun.com.common.api.ApiResult jin.li.yun.com.user.controller.saas.UserController.detail(long)
2021-07-12 16:30:50.679  INFO 13228 [main] s.w.s.m.m.a.RequestMappingHandlerMapping 550 : Mapped "{[/saas/user/test-api],methods=[POST]}" onto public jin.li.yun.com.common.api.ApiResult jin.li.yun.com.user.controller.saas.UserController.testApiResult(int)
2021-07-12 16:30:50.680  INFO 13228 [main] s.w.s.m.m.a.RequestMappingHandlerMapping 550 : Mapped "{[/saas/user/login],methods=[POST]}" onto public jin.li.yun.com.common.api.ApiResult jin.li.yun.com.user.controller.saas.UserController.login(jin.li.yun.com.common.entity.request.UserLoginReq)
2021-07-12 16:30:50.681  INFO 13228 [main] s.w.s.m.m.a.RequestMappingHandlerMapping 550 : Mapped "{[/error]}" onto public jin.li.yun.com.common.api.ApiResult jin.li.yun.com.common.exception.GlobalErrorController.handleError(javax.servlet.http.HttpServletRequest,javax.servlet.http.HttpServletResponse)
2021-07-12 16:30:50.686  INFO 13228 [main] s.w.s.m.m.a.RequestMappingHandlerMapping 550 : Mapped "{[/swagger-resources/configuration/security]}" onto public org.springframework.http.ResponseEntity<springfox.documentation.swagger.web.SecurityConfiguration> springfox.documentation.swagger.web.ApiResourceController.securityConfiguration()
2021-07-12 16:30:50.688  INFO 13228 [main] s.w.s.m.m.a.RequestMappingHandlerMapping 550 : Mapped "{[/swagger-resources/configuration/ui]}" onto public org.springframework.http.ResponseEntity<springfox.documentation.swagger.web.UiConfiguration> springfox.documentation.swagger.web.ApiResourceController.uiConfiguration()
2021-07-12 16:30:50.689  INFO 13228 [main] s.w.s.m.m.a.RequestMappingHandlerMapping 550 : Mapped "{[/swagger-resources]}" onto public org.springframework.http.ResponseEntity<java.util.List<springfox.documentation.swagger.web.SwaggerResource>> springfox.documentation.swagger.web.ApiResourceController.swaggerResources()
2021-07-12 16:30:50.865  INFO 13228 [main] o.s.b.a.e.web.EndpointLinksResolver      59 : Exposing 2 endpoint(s) beneath base path '/actuator'
2021-07-12 16:30:50.893  INFO 13228 [main] s.b.a.e.w.s.WebMvcEndpointHandlerMapping 550 : Mapped "{[/actuator/health],methods=[GET],produces=[application/vnd.spring-boot.actuator.v2+json || application/json]}" onto public java.lang.Object org.springframework.boot.actuate.endpoint.web.servlet.AbstractWebMvcEndpointHandlerMapping$OperationHandler.handle(javax.servlet.http.HttpServletRequest,java.util.Map<java.lang.String, java.lang.String>)
2021-07-12 16:30:50.897  INFO 13228 [main] s.b.a.e.w.s.WebMvcEndpointHandlerMapping 550 : Mapped "{[/actuator/info],methods=[GET],produces=[application/vnd.spring-boot.actuator.v2+json || application/json]}" onto public java.lang.Object org.springframework.boot.actuate.endpoint.web.servlet.AbstractWebMvcEndpointHandlerMapping$OperationHandler.handle(javax.servlet.http.HttpServletRequest,java.util.Map<java.lang.String, java.lang.String>)
2021-07-12 16:30:50.898  INFO 13228 [main] s.b.a.e.w.s.WebMvcEndpointHandlerMapping 550 : Mapped "{[/actuator],methods=[GET],produces=[application/vnd.spring-boot.actuator.v2+json || application/json]}" onto protected java.util.Map<java.lang.String, java.util.Map<java.lang.String, org.springframework.boot.actuate.endpoint.web.Link>> org.springframework.boot.actuate.endpoint.web.servlet.WebMvcEndpointHandlerMapping.links(javax.servlet.http.HttpServletRequest,javax.servlet.http.HttpServletResponse)
2021-07-12 16:30:51.208  INFO 13228 [main] pertySourcedRequestMappingHandlerMapping 69 : Mapped URL path [/v2/api-docs] onto method [public org.springframework.http.ResponseEntity<springfox.documentation.spring.web.json.Json> springfox.documentation.swagger2.web.Swagger2Controller.getDocumentation(java.lang.String,javax.servlet.http.HttpServletRequest)]
2021-07-12 16:30:51.276  WARN 13228 [main] c.n.c.sources.URLConfigurationSource     121 : No URLs will be polled as dynamic configuration sources.
2021-07-12 16:30:51.277  INFO 13228 [main] c.n.c.sources.URLConfigurationSource     122 : To enable URLs as dynamic configuration sources, define System property archaius.configurationSource.additionalUrls or make config.properties available on classpath.
2021-07-12 16:30:51.409  INFO 13228 [main] o.s.w.s.handler.SimpleUrlHandlerMapping  373 : Mapped URL path [/**/favicon.ico] onto handler of type [class org.springframework.web.servlet.resource.ResourceHttpRequestHandler]
2021-07-12 16:30:51.838  INFO 13228 [main] s.w.s.m.m.a.RequestMappingHandlerAdapter 588 : Looking for @ControllerAdvice: org.springframework.boot.web.servlet.context.AnnotationConfigServletWebServerApplicationContext@1629510: startup date [Mon Jul 12 16:30:38 CST 2021]; parent: org.springframework.context.annotation.AnnotationConfigApplicationContext@1536d9e
2021-07-12 16:30:51.952  INFO 13228 [main] o.s.w.s.handler.SimpleUrlHandlerMapping  373 : Mapped URL path [/webjars/**] onto handler of type [class org.springframework.web.servlet.resource.ResourceHttpRequestHandler]
2021-07-12 16:30:51.952  INFO 13228 [main] o.s.w.s.handler.SimpleUrlHandlerMapping  373 : Mapped URL path [/**] onto handler of type [class org.springframework.web.servlet.resource.ResourceHttpRequestHandler]
2021-07-12 16:30:51.986  INFO 13228 [main] .m.m.a.ExceptionHandlerExceptionResolver 288 : Detected @ExceptionHandler methods in globalExceptionHandler
2021-07-12 16:30:52.838  WARN 13228 [main] o.s.d.n.mapping.Neo4jPersistentProperty  93 : Owning ClassInfo is null for property: org.slf4j.Logger.errorEnabled
2021-07-12 16:30:52.839  WARN 13228 [main] o.s.d.n.mapping.Neo4jPersistentProperty  93 : Owning ClassInfo is null for property: org.slf4j.Logger.name
2021-07-12 16:30:52.840  WARN 13228 [main] o.s.d.n.mapping.Neo4jPersistentProperty  93 : Owning ClassInfo is null for property: org.slf4j.Logger.infoEnabled
2021-07-12 16:30:52.840  WARN 13228 [main] o.s.d.n.mapping.Neo4jPersistentProperty  93 : Owning ClassInfo is null for property: org.slf4j.Logger.debugEnabled
2021-07-12 16:30:52.841  WARN 13228 [main] o.s.d.n.mapping.Neo4jPersistentProperty  93 : Owning ClassInfo is null for property: org.slf4j.Logger.traceEnabled
2021-07-12 16:30:52.842  WARN 13228 [main] o.s.d.n.mapping.Neo4jPersistentProperty  93 : Owning ClassInfo is null for property: org.slf4j.Logger.warnEnabled
2021-07-12 16:30:52.915  INFO 13228 [main] o.s.d.neo4j.mapping.Neo4jMappingContext  118 : No class information found in OGM meta-data for class java.awt.Image so treating as simple type for SD Commons
2021-07-12 16:30:52.916  INFO 13228 [main] o.s.d.neo4j.mapping.Neo4jMappingContext  118 : No class information found in OGM meta-data for class java.awt.Graphics so treating as simple type for SD Commons
2021-07-12 16:30:52.918  WARN 13228 [main] o.s.d.n.mapping.Neo4jPersistentProperty  93 : Owning ClassInfo is null for property: java.applet.AppletStub.documentBase
2021-07-12 16:30:52.929  WARN 13228 [main] o.s.d.n.mapping.Neo4jPersistentProperty  93 : Owning ClassInfo is null for property: java.applet.AppletStub.codeBase
2021-07-12 16:30:52.930  WARN 13228 [main] o.s.d.n.mapping.Neo4jPersistentProperty  93 : Owning ClassInfo is null for property: java.applet.AppletStub.active
2021-07-12 16:30:52.930  WARN 13228 [main] o.s.d.n.mapping.Neo4jPersistentProperty  93 : Owning ClassInfo is null for property: java.applet.AppletStub.appletContext
2021-07-12 16:30:52.931  INFO 13228 [main] o.s.d.neo4j.mapping.Neo4jMappingContext  118 : No class information found in OGM meta-data for class javax.accessibility.AccessibleContext so treating as simple type for SD Commons
2021-07-12 16:30:52.936  WARN 13228 [main] o.s.d.n.mapping.Neo4jPersistentProperty  93 : Owning ClassInfo is null for property: transient java.awt.peer.ComponentPeer java.awt.Component.peer
2021-07-12 16:30:52.939  WARN 13228 [main] o.s.d.n.mapping.Neo4jPersistentProperty  93 : Owning ClassInfo is null for property: java.awt.peer.ComponentPeer.visible
2021-07-12 16:30:52.940  WARN 13228 [main] o.s.d.n.mapping.Neo4jPersistentProperty  93 : Owning ClassInfo is null for property: java.awt.peer.ComponentPeer.graphicsConfiguration
2021-07-12 16:30:52.940  WARN 13228 [main] o.s.d.n.mapping.Neo4jPersistentProperty  93 : Owning ClassInfo is null for property: java.awt.peer.ComponentPeer.reparentSupported
2021-07-12 16:30:52.941  WARN 13228 [main] o.s.d.n.mapping.Neo4jPersistentProperty  93 : Owning ClassInfo is null for property: java.awt.peer.ComponentPeer.focusable
2021-07-12 16:30:52.942  WARN 13228 [main] o.s.d.n.mapping.Neo4jPersistentProperty  93 : Owning ClassInfo is null for property: java.awt.peer.ComponentPeer.foreground
2021-07-12 16:30:52.942  WARN 13228 [main] o.s.d.n.mapping.Neo4jPersistentProperty  93 : Owning ClassInfo is null for property: java.awt.peer.ComponentPeer.graphics
2021-07-12 16:30:52.943  WARN 13228 [main] o.s.d.n.mapping.Neo4jPersistentProperty  93 : Owning ClassInfo is null for property: java.awt.peer.ComponentPeer.enabled
2021-07-12 16:30:52.943  WARN 13228 [main] o.s.d.n.mapping.Neo4jPersistentProperty  93 : Owning ClassInfo is null for property: java.awt.peer.ComponentPeer.obscured
2021-07-12 16:30:52.944  WARN 13228 [main] o.s.d.n.mapping.Neo4jPersistentProperty  93 : Owning ClassInfo is null for property: java.awt.peer.ComponentPeer.ZOrder
2021-07-12 16:30:52.944  WARN 13228 [main] o.s.d.n.mapping.Neo4jPersistentProperty  93 : Owning ClassInfo is null for property: java.awt.peer.ComponentPeer.background
2021-07-12 16:30:52.945  WARN 13228 [main] o.s.d.n.mapping.Neo4jPersistentProperty  93 : Owning ClassInfo is null for property: java.awt.peer.ComponentPeer.minimumSize
2021-07-12 16:30:52.946  WARN 13228 [main] o.s.d.n.mapping.Neo4jPersistentProperty  93 : Owning ClassInfo is null for property: java.awt.peer.ComponentPeer.locationOnScreen
2021-07-12 16:30:52.946  WARN 13228 [main] o.s.d.n.mapping.Neo4jPersistentProperty  93 : Owning ClassInfo is null for property: java.awt.peer.ComponentPeer.preferredSize
2021-07-12 16:30:52.947  WARN 13228 [main] o.s.d.n.mapping.Neo4jPersistentProperty  93 : Owning ClassInfo is null for property: java.awt.peer.ComponentPeer.colorModel
2021-07-12 16:30:52.947  WARN 13228 [main] o.s.d.n.mapping.Neo4jPersistentProperty  93 : Owning ClassInfo is null for property: java.awt.peer.ComponentPeer.backBuffer
2021-07-12 16:30:52.948  WARN 13228 [main] o.s.d.n.mapping.Neo4jPersistentProperty  93 : Owning ClassInfo is null for property: java.awt.peer.ComponentPeer.font
2021-07-12 16:30:52.948  INFO 13228 [main] o.s.d.neo4j.mapping.Neo4jMappingContext  118 : No class information found in OGM meta-data for class java.awt.Container so treating as simple type for SD Commons
2021-07-12 16:30:52.949  WARN 13228 [main] o.s.d.n.mapping.Neo4jPersistentProperty  93 : Owning ClassInfo is null for property: transient java.awt.Container java.awt.Component.parent
2021-07-12 16:30:52.949  INFO 13228 [main] o.s.d.neo4j.mapping.Neo4jMappingContext  118 : No class information found in OGM meta-data for class sun.awt.AppContext so treating as simple type for SD Commons
2021-07-12 16:30:52.950  WARN 13228 [main] o.s.d.n.mapping.Neo4jPersistentProperty  93 : Owning ClassInfo is null for property: transient sun.awt.AppContext java.awt.Component.appContext
2021-07-12 16:30:52.950  WARN 13228 [main] o.s.d.n.mapping.Neo4jPersistentProperty  93 : Owning ClassInfo is null for property: int java.awt.Component.x
2021-07-12 16:30:52.951  WARN 13228 [main] o.s.d.n.mapping.Neo4jPersistentProperty  93 : Owning ClassInfo is null for property: int java.awt.Component.y
2021-07-12 16:30:52.951  WARN 13228 [main] o.s.d.n.mapping.Neo4jPersistentProperty  93 : Owning ClassInfo is null for property: int java.awt.Component.width
2021-07-12 16:30:52.952  WARN 13228 [main] o.s.d.n.mapping.Neo4jPersistentProperty  93 : Owning ClassInfo is null for property: int java.awt.Component.height
2021-07-12 16:30:52.953  INFO 13228 [main] o.s.d.neo4j.mapping.Neo4jMappingContext  118 : No class information found in OGM meta-data for class java.awt.Color so treating as simple type for SD Commons
2021-07-12 16:30:52.953  WARN 13228 [main] o.s.d.n.mapping.Neo4jPersistentProperty  93 : Owning ClassInfo is null for property: java.awt.Color java.awt.Component.foreground
2021-07-12 16:30:52.953  WARN 13228 [main] o.s.d.n.mapping.Neo4jPersistentProperty  93 : Owning ClassInfo is null for property: java.awt.Color java.awt.Component.background
2021-07-12 16:30:52.954  INFO 13228 [main] o.s.d.neo4j.mapping.Neo4jMappingContext  118 : No class information found in OGM meta-data for class java.awt.Font so treating as simple type for SD Commons
2021-07-12 16:30:52.955  WARN 13228 [main] o.s.d.n.mapping.Neo4jPersistentProperty  93 : Owning ClassInfo is null for property: volatile java.awt.Font java.awt.Component.font
2021-07-12 16:30:52.956  WARN 13228 [main] o.s.d.n.mapping.Neo4jPersistentProperty  93 : Owning ClassInfo is null for property: java.awt.Font java.awt.Component.peerFont
2021-07-12 16:30:52.957  INFO 13228 [main] o.s.d.neo4j.mapping.Neo4jMappingContext  118 : No class information found in OGM meta-data for class java.awt.Cursor so treating as simple type for SD Commons
2021-07-12 16:30:52.957  WARN 13228 [main] o.s.d.n.mapping.Neo4jPersistentProperty  93 : Owning ClassInfo is null for property: java.awt.Cursor java.awt.Component.cursor
2021-07-12 16:30:52.958  WARN 13228 [main] o.s.d.n.mapping.Neo4jPersistentProperty  93 : Owning ClassInfo is null for property: java.util.Locale java.awt.Component.locale
2021-07-12 16:30:52.959  INFO 13228 [main] o.s.d.neo4j.mapping.Neo4jMappingContext  118 : No class information found in OGM meta-data for class java.awt.GraphicsConfiguration so treating as simple type for SD Commons
2021-07-12 16:30:52.959  WARN 13228 [main] o.s.d.n.mapping.Neo4jPersistentProperty  93 : Owning ClassInfo is null for property: private transient volatile java.awt.GraphicsConfiguration java.awt.Component.graphicsConfig
2021-07-12 16:30:52.960  INFO 13228 [main] o.s.d.neo4j.mapping.Neo4jMappingContext  118 : No class information found in OGM meta-data for class java.awt.image.BufferStrategy so treating as simple type for SD Commons
2021-07-12 16:30:52.961  WARN 13228 [main] o.s.d.n.mapping.Neo4jPersistentProperty  93 : Owning ClassInfo is null for property: transient java.awt.image.BufferStrategy java.awt.Component.bufferStrategy
2021-07-12 16:30:52.961  WARN 13228 [main] o.s.d.n.mapping.Neo4jPersistentProperty  93 : Owning ClassInfo is null for property: boolean java.awt.Component.ignoreRepaint
2021-07-12 16:30:52.962  WARN 13228 [main] o.s.d.n.mapping.Neo4jPersistentProperty  93 : Owning ClassInfo is null for property: boolean java.awt.Component.visible
2021-07-12 16:30:52.963  WARN 13228 [main] o.s.d.n.mapping.Neo4jPersistentProperty  93 : Owning ClassInfo is null for property: boolean java.awt.Component.enabled
2021-07-12 16:30:52.963  WARN 13228 [main] o.s.d.n.mapping.Neo4jPersistentProperty  93 : Owning ClassInfo is null for property: private volatile boolean java.awt.Component.valid
2021-07-12 16:30:52.964  INFO 13228 [main] o.s.d.neo4j.mapping.Neo4jMappingContext  118 : No class information found in OGM meta-data for class java.awt.dnd.DropTarget so treating as simple type for SD Commons
2021-07-12 16:30:52.965  WARN 13228 [main] o.s.d.n.mapping.Neo4jPersistentProperty  93 : Owning ClassInfo is null for property: java.awt.dnd.DropTarget java.awt.Component.dropTarget
2021-07-12 16:30:52.965  INFO 13228 [main] o.s.d.neo4j.mapping.Neo4jMappingContext  118 : No class information found in OGM meta-data for class java.util.Vector so treating as simple type for SD Commons
2021-07-12 16:30:52.966  WARN 13228 [main] o.s.d.n.mapping.Neo4jPersistentProperty  93 : Owning ClassInfo is null for property: java.util.Vector java.awt.Component.popups
2021-07-12 16:30:52.975  WARN 13228 [main] o.s.d.n.mapping.Neo4jPersistentProperty  93 : Owning ClassInfo is null for property: transient boolean java.awt.PopupMenu.isTrayIconPopup
2021-07-12 16:30:52.976  WARN 13228 [main] o.s.d.n.mapping.Neo4jPersistentProperty  93 : Owning ClassInfo is null for property: java.util.Vector java.awt.Menu.items
2021-07-12 16:30:52.979  WARN 13228 [main] o.s.d.n.mapping.Neo4jPersistentProperty  93 : Owning ClassInfo is null for property: transient java.awt.peer.MenuComponentPeer java.awt.MenuComponent.peer
2021-07-12 16:30:52.981  WARN 13228 [main] o.s.d.n.mapping.Neo4jPersistentProperty  93 : Owning ClassInfo is null for property: java.awt.peer.MenuComponentPeer.font
2021-07-12 16:30:52.982  WARN 13228 [main] o.s.d.n.mapping.Neo4jPersistentProperty  93 : Owning ClassInfo is null for property: transient java.awt.MenuContainer java.awt.MenuComponent.parent
2021-07-12 16:30:52.983  WARN 13228 [main] o.s.d.n.mapping.Neo4jPersistentProperty  93 : Owning ClassInfo is null for property: java.awt.MenuContainer.font
2021-07-12 16:30:52.983  WARN 13228 [main] o.s.d.n.mapping.Neo4jPersistentProperty  93 : Owning ClassInfo is null for property: transient sun.awt.AppContext java.awt.MenuComponent.appContext
2021-07-12 16:30:52.984  WARN 13228 [main] o.s.d.n.mapping.Neo4jPersistentProperty  93 : Owning ClassInfo is null for property: volatile java.awt.Font java.awt.MenuComponent.font
2021-07-12 16:30:52.984  WARN 13228 [main] o.s.d.n.mapping.Neo4jPersistentProperty  93 : Owning ClassInfo is null for property: private java.lang.String java.awt.MenuComponent.name
2021-07-12 16:30:52.985  WARN 13228 [main] o.s.d.n.mapping.Neo4jPersistentProperty  93 : Owning ClassInfo is null for property: private boolean java.awt.MenuComponent.nameExplicitlySet
2021-07-12 16:30:52.986  WARN 13228 [main] o.s.d.n.mapping.Neo4jPersistentProperty  93 : Owning ClassInfo is null for property: boolean java.awt.MenuComponent.newEventsOnly
2021-07-12 16:30:52.986  INFO 13228 [main] o.s.d.neo4j.mapping.Neo4jMappingContext  118 : No class information found in OGM meta-data for class java.security.AccessControlContext so treating as simple type for SD Commons
2021-07-12 16:30:52.986  WARN 13228 [main] o.s.d.n.mapping.Neo4jPersistentProperty  93 : Owning ClassInfo is null for property: private transient volatile java.security.AccessControlContext java.awt.MenuComponent.acc
2021-07-12 16:30:52.987  WARN 13228 [main] o.s.d.n.mapping.Neo4jPersistentProperty  93 : Owning ClassInfo is null for property: javax.accessibility.AccessibleContext java.awt.MenuComponent.accessibleContext
2021-07-12 16:30:52.988  WARN 13228 [main] o.s.d.n.mapping.Neo4jPersistentProperty  93 : Owning ClassInfo is null for property: boolean java.awt.Menu.tearOff
2021-07-12 16:30:52.989  WARN 13228 [main] o.s.d.n.mapping.Neo4jPersistentProperty  93 : Owning ClassInfo is null for property: boolean java.awt.Menu.isHelpMenu
2021-07-12 16:30:52.989  WARN 13228 [main] o.s.d.n.mapping.Neo4jPersistentProperty  93 : Owning ClassInfo is null for property: private int java.awt.Menu.menuSerializedDataVersion
2021-07-12 16:30:52.989  WARN 13228 [main] o.s.d.n.mapping.Neo4jPersistentProperty  93 : Owning ClassInfo is null for property: boolean java.awt.MenuItem.enabled
2021-07-12 16:30:52.990  WARN 13228 [main] o.s.d.n.mapping.Neo4jPersistentProperty  93 : Owning ClassInfo is null for property: java.lang.String java.awt.MenuItem.label
2021-07-12 16:30:52.990  WARN 13228 [main] o.s.d.n.mapping.Neo4jPersistentProperty  93 : Owning ClassInfo is null for property: java.lang.String java.awt.MenuItem.actionCommand
2021-07-12 16:30:52.991  WARN 13228 [main] o.s.d.n.mapping.Neo4jPersistentProperty  93 : Owning ClassInfo is null for property: long java.awt.MenuItem.eventMask
2021-07-12 16:30:52.991  WARN 13228 [main] o.s.d.n.mapping.Neo4jPersistentProperty  93 : Owning ClassInfo is null for property: transient java.awt.event.ActionListener java.awt.MenuItem.actionListener
2021-07-12 16:30:52.993  INFO 13228 [main] o.s.d.neo4j.mapping.Neo4jMappingContext  118 : No class information found in OGM meta-data for class java.awt.MenuShortcut so treating as simple type for SD Commons
2021-07-12 16:30:52.994  WARN 13228 [main] o.s.d.n.mapping.Neo4jPersistentProperty  93 : Owning ClassInfo is null for property: private java.awt.MenuShortcut java.awt.MenuItem.shortcut
2021-07-12 16:30:52.994  WARN 13228 [main] o.s.d.n.mapping.Neo4jPersistentProperty  93 : Owning ClassInfo is null for property: private int java.awt.MenuItem.menuItemSerializedDataVersion
2021-07-12 16:30:52.995  WARN 13228 [main] o.s.d.n.mapping.Neo4jPersistentProperty  93 : Owning ClassInfo is null for property: transient java.awt.peer.MenuComponentPeer java.awt.MenuComponent.peer
2021-07-12 16:30:52.995  WARN 13228 [main] o.s.d.n.mapping.Neo4jPersistentProperty  93 : Owning ClassInfo is null for property: transient java.awt.MenuContainer java.awt.MenuComponent.parent
2021-07-12 16:30:52.996  WARN 13228 [main] o.s.d.n.mapping.Neo4jPersistentProperty  93 : Owning ClassInfo is null for property: transient sun.awt.AppContext java.awt.MenuComponent.appContext
2021-07-12 16:30:52.996  WARN 13228 [main] o.s.d.n.mapping.Neo4jPersistentProperty  93 : Owning ClassInfo is null for property: volatile java.awt.Font java.awt.MenuComponent.font
2021-07-12 16:30:52.997  WARN 13228 [main] o.s.d.n.mapping.Neo4jPersistentProperty  93 : Owning ClassInfo is null for property: private java.lang.String java.awt.MenuComponent.name
2021-07-12 16:30:52.997  WARN 13228 [main] o.s.d.n.mapping.Neo4jPersistentProperty  93 : Owning ClassInfo is null for property: private boolean java.awt.MenuComponent.nameExplicitlySet
2021-07-12 16:30:52.998  WARN 13228 [main] o.s.d.n.mapping.Neo4jPersistentProperty  93 : Owning ClassInfo is null for property: boolean java.awt.MenuComponent.newEventsOnly
2021-07-12 16:30:52.998  WARN 13228 [main] o.s.d.n.mapping.Neo4jPersistentProperty  93 : Owning ClassInfo is null for property: private transient volatile java.security.AccessControlContext java.awt.MenuComponent.acc
2021-07-12 16:30:52.999  WARN 13228 [main] o.s.d.n.mapping.Neo4jPersistentProperty  93 : Owning ClassInfo is null for property: javax.accessibility.AccessibleContext java.awt.MenuComponent.accessibleContext
2021-07-12 16:30:52.999  WARN 13228 [main] o.s.d.n.mapping.Neo4jPersistentProperty  93 : Owning ClassInfo is null for property: java.awt.PopupMenu.actionListeners
2021-07-12 16:30:53.000  WARN 13228 [main] o.s.d.n.mapping.Neo4jPersistentProperty  93 : Owning ClassInfo is null for property: java.awt.PopupMenu.itemCount
2021-07-12 16:30:53.001  WARN 13228 [main] o.s.d.n.mapping.Neo4jPersistentProperty  93 : Owning ClassInfo is null for property: private java.lang.String java.awt.Component.name
2021-07-12 16:30:53.002  WARN 13228 [main] o.s.d.n.mapping.Neo4jPersistentProperty  93 : Owning ClassInfo is null for property: private boolean java.awt.Component.nameExplicitlySet
2021-07-12 16:30:53.002  WARN 13228 [main] o.s.d.n.mapping.Neo4jPersistentProperty  93 : Owning ClassInfo is null for property: private boolean java.awt.Component.focusable
2021-07-12 16:30:53.003  WARN 13228 [main] o.s.d.n.mapping.Neo4jPersistentProperty  93 : Owning ClassInfo is null for property: private int java.awt.Component.isFocusTraversableOverridden
2021-07-12 16:30:53.005  WARN 13228 [main] o.s.d.n.mapping.Neo4jPersistentProperty  93 : Owning ClassInfo is null for property: java.util.Set[] java.awt.Component.focusTraversalKeys
2021-07-12 16:30:53.005  WARN 13228 [main] o.s.d.n.mapping.Neo4jPersistentProperty  93 : Owning ClassInfo is null for property: private boolean java.awt.Component.focusTraversalKeysEnabled
2021-07-12 16:30:53.006  WARN 13228 [main] o.s.d.n.mapping.Neo4jPersistentProperty  93 : Owning ClassInfo is null for property: private transient volatile java.security.AccessControlContext java.awt.Component.acc
2021-07-12 16:30:53.006  INFO 13228 [main] o.s.d.neo4j.mapping.Neo4jMappingContext  118 : No class information found in OGM meta-data for class java.awt.Dimension so treating as simple type for SD Commons
2021-07-12 16:30:53.007  WARN 13228 [main] o.s.d.n.mapping.Neo4jPersistentProperty  93 : Owning ClassInfo is null for property: java.awt.Dimension java.awt.Component.minSize
2021-07-12 16:30:53.007  WARN 13228 [main] o.s.d.n.mapping.Neo4jPersistentProperty  93 : Owning ClassInfo is null for property: boolean java.awt.Component.minSizeSet
2021-07-12 16:30:53.007  WARN 13228 [main] o.s.d.n.mapping.Neo4jPersistentProperty  93 : Owning ClassInfo is null for property: java.awt.Dimension java.awt.Component.prefSize
2021-07-12 16:30:53.008  WARN 13228 [main] o.s.d.n.mapping.Neo4jPersistentProperty  93 : Owning ClassInfo is null for property: boolean java.awt.Component.prefSizeSet
2021-07-12 16:30:53.008  WARN 13228 [main] o.s.d.n.mapping.Neo4jPersistentProperty  93 : Owning ClassInfo is null for property: java.awt.Dimension java.awt.Component.maxSize
2021-07-12 16:30:53.009  WARN 13228 [main] o.s.d.n.mapping.Neo4jPersistentProperty  93 : Owning ClassInfo is null for property: boolean java.awt.Component.maxSizeSet
2021-07-12 16:30:53.009  INFO 13228 [main] o.s.d.neo4j.mapping.Neo4jMappingContext  118 : No class information found in OGM meta-data for class java.awt.ComponentOrientation so treating as simple type for SD Commons
2021-07-12 16:30:53.009  WARN 13228 [main] o.s.d.n.mapping.Neo4jPersistentProperty  93 : Owning ClassInfo is null for property: transient java.awt.ComponentOrientation java.awt.Component.componentOrientation
2021-07-12 16:30:53.010  WARN 13228 [main] o.s.d.n.mapping.Neo4jPersistentProperty  93 : Owning ClassInfo is null for property: boolean java.awt.Component.newEventsOnly
2021-07-12 16:30:53.010  WARN 13228 [main] o.s.d.n.mapping.Neo4jPersistentProperty  93 : Owning ClassInfo is null for property: transient java.awt.event.ComponentListener java.awt.Component.componentListener
2021-07-12 16:30:53.012  WARN 13228 [main] o.s.d.n.mapping.Neo4jPersistentProperty  93 : Owning ClassInfo is null for property: transient java.awt.event.FocusListener java.awt.Component.focusListener
2021-07-12 16:30:53.014  WARN 13228 [main] o.s.d.n.mapping.Neo4jPersistentProperty  93 : Owning ClassInfo is null for property: transient java.awt.event.HierarchyListener java.awt.Component.hierarchyListener
2021-07-12 16:30:53.016  WARN 13228 [main] o.s.d.n.mapping.Neo4jPersistentProperty  93 : Owning ClassInfo is null for property: transient java.awt.event.HierarchyBoundsListener java.awt.Component.hierarchyBoundsListener
2021-07-12 16:30:53.018  WARN 13228 [main] o.s.d.n.mapping.Neo4jPersistentProperty  93 : Owning ClassInfo is null for property: transient java.awt.event.KeyListener java.awt.Component.keyListener
2021-07-12 16:30:53.020  WARN 13228 [main] o.s.d.n.mapping.Neo4jPersistentProperty  93 : Owning ClassInfo is null for property: transient java.awt.event.MouseListener java.awt.Component.mouseListener
2021-07-12 16:30:53.022  WARN 13228 [main] o.s.d.n.mapping.Neo4jPersistentProperty  93 : Owning ClassInfo is null for property: transient java.awt.event.MouseMotionListener java.awt.Component.mouseMotionListener
2021-07-12 16:30:53.024  WARN 13228 [main] o.s.d.n.mapping.Neo4jPersistentProperty  93 : Owning ClassInfo is null for property: transient java.awt.event.MouseWheelListener java.awt.Component.mouseWheelListener
2021-07-12 16:30:53.026  WARN 13228 [main] o.s.d.n.mapping.Neo4jPersistentProperty  93 : Owning ClassInfo is null for property: transient java.awt.event.InputMethodListener java.awt.Component.inputMethodListener
2021-07-12 16:30:53.028  WARN 13228 [main] o.s.d.n.mapping.Neo4jPersistentProperty  93 : Owning ClassInfo is null for property: transient java.lang.RuntimeException java.awt.Component.windowClosingException
2021-07-12 16:30:53.028  WARN 13228 [main] o.s.d.n.mapping.Neo4jPersistentProperty  93 : Owning ClassInfo is null for property: long java.awt.Component.eventMask
2021-07-12 16:30:53.029  INFO 13228 [main] o.s.d.neo4j.mapping.Neo4jMappingContext  118 : No class information found in OGM meta-data for class java.beans.PropertyChangeSupport so treating as simple type for SD Commons
2021-07-12 16:30:53.029  WARN 13228 [main] o.s.d.n.mapping.Neo4jPersistentProperty  93 : Owning ClassInfo is null for property: private java.beans.PropertyChangeSupport java.awt.Component.changeSupport
2021-07-12 16:30:53.030  WARN 13228 [main] o.s.d.n.mapping.Neo4jPersistentProperty  93 : Owning ClassInfo is null for property: private transient java.lang.Object java.awt.Component.objectLock
2021-07-12 16:30:53.030  WARN 13228 [main] o.s.d.n.mapping.Neo4jPersistentProperty  93 : Owning ClassInfo is null for property: boolean java.awt.Component.isPacked
2021-07-12 16:30:53.030  WARN 13228 [main] o.s.d.n.mapping.Neo4jPersistentProperty  93 : Owning ClassInfo is null for property: private int java.awt.Component.boundsOp
2021-07-12 16:30:53.031  INFO 13228 [main] o.s.d.neo4j.mapping.Neo4jMappingContext  118 : No class information found in OGM meta-data for class sun.java2d.pipe.Region so treating as simple type for SD Commons
2021-07-12 16:30:53.031  WARN 13228 [main] o.s.d.n.mapping.Neo4jPersistentProperty  93 : Owning ClassInfo is null for property: private transient sun.java2d.pipe.Region java.awt.Component.compoundShape
2021-07-12 16:30:53.031  WARN 13228 [main] o.s.d.n.mapping.Neo4jPersistentProperty  93 : Owning ClassInfo is null for property: private transient sun.java2d.pipe.Region java.awt.Component.mixingCutoutRegion
2021-07-12 16:30:53.032  WARN 13228 [main] o.s.d.n.mapping.Neo4jPersistentProperty  93 : Owning ClassInfo is null for property: private transient boolean java.awt.Component.isAddNotifyComplete
2021-07-12 16:30:53.032  WARN 13228 [main] o.s.d.n.mapping.Neo4jPersistentProperty  93 : Owning ClassInfo is null for property: transient boolean java.awt.Component.backgroundEraseDisabled
2021-07-12 16:30:53.033  INFO 13228 [main] o.s.d.neo4j.mapping.Neo4jMappingContext  118 : No class information found in OGM meta-data for class sun.awt.EventQueueItem so treating as simple type for SD Commons
2021-07-12 16:30:53.033  WARN 13228 [main] o.s.d.n.mapping.Neo4jPersistentProperty  93 : Owning ClassInfo is null for property: transient sun.awt.EventQueueItem[] java.awt.Component.eventCache
2021-07-12 16:30:53.034  WARN 13228 [main] o.s.d.n.mapping.Neo4jPersistentProperty  93 : Owning ClassInfo is null for property: private transient boolean java.awt.Component.coalescingEnabled
2021-07-12 16:30:53.034  WARN 13228 [main] o.s.d.n.mapping.Neo4jPersistentProperty  93 : Owning ClassInfo is null for property: private boolean java.awt.Component.autoFocusTransferOnDisposal
2021-07-12 16:30:53.034  WARN 13228 [main] o.s.d.n.mapping.Neo4jPersistentProperty  93 : Owning ClassInfo is null for property: private int java.awt.Component.componentSerializedDataVersion
2021-07-12 16:30:53.035  WARN 13228 [main] o.s.d.n.mapping.Neo4jPersistentProperty  93 : Owning ClassInfo is null for property: protected javax.accessibility.AccessibleContext java.awt.Component.accessibleContext
2021-07-12 16:30:53.035  WARN 13228 [main] o.s.d.n.mapping.Neo4jPersistentProperty  93 : Owning ClassInfo is null for property: java.awt.Component.inputContext
2021-07-12 16:30:53.036  WARN 13228 [main] o.s.d.n.mapping.Neo4jPersistentProperty  93 : Owning ClassInfo is null for property: java.awt.Component.graphicsConfiguration
2021-07-12 16:30:53.036  WARN 13228 [main] o.s.d.n.mapping.Neo4jPersistentProperty  93 : Owning ClassInfo is null for property: java.awt.Component.graphics
2021-07-12 16:30:53.037  WARN 13228 [main] o.s.d.n.mapping.Neo4jPersistentProperty  93 : Owning ClassInfo is null for property: java.awt.Component.baselineResizeBehavior
2021-07-12 16:30:53.038  WARN 13228 [main] o.s.d.n.mapping.Neo4jPersistentProperty  93 : Owning ClassInfo is null for property: java.awt.Component.foregroundSet
2021-07-12 16:30:53.038  WARN 13228 [main] o.s.d.n.mapping.Neo4jPersistentProperty  93 : Owning ClassInfo is null for property: java.awt.Component.mouseWheelListeners
2021-07-12 16:30:53.039  WARN 13228 [main] o.s.d.n.mapping.Neo4jPersistentProperty  93 : Owning ClassInfo is null for property: java.awt.Component.preferredSize
2021-07-12 16:30:53.039  WARN 13228 [main] o.s.d.n.mapping.Neo4jPersistentProperty  93 : Owning ClassInfo is null for property: java.awt.Component.propertyChangeListeners
2021-07-12 16:30:53.040  WARN 13228 [main] o.s.d.n.mapping.Neo4jPersistentProperty  93 : Owning ClassInfo is null for property: java.awt.Component.doubleBuffered
2021-07-12 16:30:53.040  WARN 13228 [main] o.s.d.n.mapping.Neo4jPersistentProperty  93 : Owning ClassInfo is null for property: java.awt.Component.displayable
2021-07-12 16:30:53.041  WARN 13228 [main] o.s.d.n.mapping.Neo4jPersistentProperty  93 : Owning ClassInfo is null for property: java.awt.Component.maximumSizeSet
2021-07-12 16:30:53.041  WARN 13228 [main] o.s.d.n.mapping.Neo4jPersistentProperty  93 : Owning ClassInfo is null for property: java.awt.Component.mousePosition
2021-07-12 16:30:53.041  WARN 13228 [main] o.s.d.n.mapping.Neo4jPersistentProperty  93 : Owning ClassInfo is null for property: java.awt.Component.focusOwner
2021-07-12 16:30:53.042  WARN 13228 [main] o.s.d.n.mapping.Neo4jPersistentProperty  93 : Owning ClassInfo is null for property: java.awt.Component.size
2021-07-12 16:30:53.042  WARN 13228 [main] o.s.d.n.mapping.Neo4jPersistentProperty  93 : Owning ClassInfo is null for property: java.awt.Component.toolkit
2021-07-12 16:30:53.043  WARN 13228 [main] o.s.d.n.mapping.Neo4jPersistentProperty  93 : Owning ClassInfo is null for property: java.awt.Component.focusCycleRootAncestor
2021-07-12 16:30:53.043  WARN 13228 [main] o.s.d.n.mapping.Neo4jPersistentProperty  93 : Owning ClassInfo is null for property: java.awt.Component.minimumSize
2021-07-12 16:30:53.044  WARN 13228 [main] o.s.d.n.mapping.Neo4jPersistentProperty  93 : Owning ClassInfo is null for property: java.awt.Component.bounds
2021-07-12 16:30:53.044  WARN 13228 [main] o.s.d.n.mapping.Neo4jPersistentProperty  93 : Owning ClassInfo is null for property: java.awt.Component.focusTraversable
2021-07-12 16:30:53.045  WARN 13228 [main] o.s.d.n.mapping.Neo4jPersistentProperty  93 : Owning ClassInfo is null for property: java.awt.Component.maximumSize
2021-07-12 16:30:53.045  WARN 13228 [main] o.s.d.n.mapping.Neo4jPersistentProperty  93 : Owning ClassInfo is null for property: java.awt.Component.hierarchyListeners
2021-07-12 16:30:53.046  WARN 13228 [main] o.s.d.n.mapping.Neo4jPersistentProperty  93 : Owning ClassInfo is null for property: java.awt.Component.minimumSizeSet
2021-07-12 16:30:53.046  WARN 13228 [main] o.s.d.n.mapping.Neo4jPersistentProperty  93 : Owning ClassInfo is null for property: java.awt.Component.alignmentX
2021-07-12 16:30:53.046  WARN 13228 [main] o.s.d.n.mapping.Neo4jPersistentProperty  93 : Owning ClassInfo is null for property: java.awt.Component.alignmentY
2021-07-12 16:30:53.047  WARN 13228 [main] o.s.d.n.mapping.Neo4jPersistentProperty  93 : Owning ClassInfo is null for property: java.awt.Component.lightweight
2021-07-12 16:30:53.047  WARN 13228 [main] o.s.d.n.mapping.Neo4jPersistentProperty  93 : Owning ClassInfo is null for property: java.awt.Component.componentListeners
2021-07-12 16:30:53.048  WARN 13228 [main] o.s.d.n.mapping.Neo4jPersistentProperty  93 : Owning ClassInfo is null for property: java.awt.Component.locationOnScreen
2021-07-12 16:30:53.048  WARN 13228 [main] o.s.d.n.mapping.Neo4jPersistentProperty  93 : Owning ClassInfo is null for property: java.awt.Component.colorModel
2021-07-12 16:30:53.049  WARN 13228 [main] o.s.d.n.mapping.Neo4jPersistentProperty  93 : Owning ClassInfo is null for property: java.awt.Component.cursorSet
2021-07-12 16:30:53.050  WARN 13228 [main] o.s.d.n.mapping.Neo4jPersistentProperty  93 : Owning ClassInfo is null for property: java.awt.Component.keyListeners
2021-07-12 16:30:53.050  WARN 13228 [main] o.s.d.n.mapping.Neo4jPersistentProperty  93 : Owning ClassInfo is null for property: java.awt.Component.inputMethodListeners
2021-07-12 16:30:53.051  WARN 13228 [main] o.s.d.n.mapping.Neo4jPersistentProperty  93 : Owning ClassInfo is null for property: java.awt.Component.opaque
2021-07-12 16:30:53.051  WARN 13228 [main] o.s.d.n.mapping.Neo4jPersistentProperty  93 : Owning ClassInfo is null for property: java.awt.Component.mouseListeners
2021-07-12 16:30:53.051  WARN 13228 [main] o.s.d.n.mapping.Neo4jPersistentProperty  93 : Owning ClassInfo is null for property: java.awt.Component.hierarchyBoundsListeners
2021-07-12 16:30:53.052  WARN 13228 [main] o.s.d.n.mapping.Neo4jPersistentProperty  93 : Owning ClassInfo is null for property: java.awt.Component.inputMethodRequests
2021-07-12 16:30:53.052  WARN 13228 [main] o.s.d.n.mapping.Neo4jPersistentProperty  93 : Owning ClassInfo is null for property: java.awt.Component.preferredSizeSet
2021-07-12 16:30:53.053  WARN 13228 [main] o.s.d.n.mapping.Neo4jPersistentProperty  93 : Owning ClassInfo is null for property: java.awt.Component.treeLock
2021-07-12 16:30:53.053  WARN 13228 [main] o.s.d.n.mapping.Neo4jPersistentProperty  93 : Owning ClassInfo is null for property: java.awt.Component.backgroundSet
2021-07-12 16:30:53.054  WARN 13228 [main] o.s.d.n.mapping.Neo4jPersistentProperty  93 : Owning ClassInfo is null for property: java.awt.Component.focusListeners
2021-07-12 16:30:53.054  WARN 13228 [main] o.s.d.n.mapping.Neo4jPersistentProperty  93 : Owning ClassInfo is null for property: java.awt.Component.fontSet
2021-07-12 16:30:53.055  WARN 13228 [main] o.s.d.n.mapping.Neo4jPersistentProperty  93 : Owning ClassInfo is null for property: java.awt.Component.location
2021-07-12 16:30:53.055  WARN 13228 [main] o.s.d.n.mapping.Neo4jPersistentProperty  93 : Owning ClassInfo is null for property: java.awt.Component.showing
2021-07-12 16:30:53.056  WARN 13228 [main] o.s.d.n.mapping.Neo4jPersistentProperty  93 : Owning ClassInfo is null for property: java.awt.Component.mouseMotionListeners
2021-07-12 16:30:53.057  INFO 13228 [main] o.s.d.neo4j.mapping.Neo4jMappingContext  118 : No class information found in OGM meta-data for class java.awt.LightweightDispatcher so treating as simple type for SD Commons
2021-07-12 16:30:53.058  INFO 13228 [main] o.s.d.neo4j.mapping.Neo4jMappingContext  118 : No class information found in OGM meta-data for class java.awt.FocusTraversalPolicy so treating as simple type for SD Commons
2021-07-12 16:30:53.061  INFO 13228 [main] o.s.d.neo4j.mapping.Neo4jMappingContext  118 : No class information found in OGM meta-data for class java.awt.Component so treating as simple type for SD Commons
2021-07-12 16:30:53.096  WARN 13228 [main] o.s.d.n.mapping.Neo4jPersistentProperty  93 : Owning ClassInfo is null for property: org.apache.ibatis.logging.Log.debugEnabled
2021-07-12 16:30:53.097  WARN 13228 [main] o.s.d.n.mapping.Neo4jPersistentProperty  93 : Owning ClassInfo is null for property: org.apache.ibatis.logging.Log.traceEnabled
2021-07-12 16:30:53.242  INFO 13228 [main] o.s.d.neo4j.mapping.Neo4jMappingContext  118 : No class information found in OGM meta-data for class javax.swing.TransferHandler so treating as simple type for SD Commons
2021-07-12 16:30:53.243  INFO 13228 [main] o.s.d.neo4j.mapping.Neo4jMappingContext  118 : No class information found in OGM meta-data for class java.awt.Rectangle so treating as simple type for SD Commons
2021-07-12 16:30:53.244  INFO 13228 [main] o.s.d.neo4j.mapping.Neo4jMappingContext  118 : No class information found in OGM meta-data for class java.awt.MenuBar so treating as simple type for SD Commons
2021-07-12 16:30:53.246  INFO 13228 [main] o.s.d.neo4j.mapping.Neo4jMappingContext  118 : No class information found in OGM meta-data for class java.awt.Window$WindowDisposerRecord so treating as simple type for SD Commons
2021-07-12 16:30:53.252  INFO 13228 [main] o.s.d.neo4j.mapping.Neo4jMappingContext  118 : No class information found in OGM meta-data for class java.awt.im.InputContext so treating as simple type for SD Commons
2021-07-12 16:30:53.253  INFO 13228 [main] o.s.d.neo4j.mapping.Neo4jMappingContext  118 : No class information found in OGM meta-data for class java.awt.FocusManager so treating as simple type for SD Commons
2021-07-12 16:30:53.255  WARN 13228 [main] o.s.d.n.mapping.Neo4jPersistentProperty  93 : Owning ClassInfo is null for property: java.awt.Shape.bounds
2021-07-12 16:30:53.256  WARN 13228 [main] o.s.d.n.mapping.Neo4jPersistentProperty  93 : Owning ClassInfo is null for property: java.awt.Shape.bounds2D
2021-07-12 16:30:53.270  INFO 13228 [main] o.s.d.neo4j.mapping.Neo4jMappingContext  58 : Neo4jMappingContext initialisation completed
2021-07-12 16:30:53.946  INFO 13228 [main] o.s.j.e.a.AnnotationMBeanExporter        433 : Registering beans for JMX exposure on startup
2021-07-12 16:30:53.948  INFO 13228 [main] o.s.j.e.a.AnnotationMBeanExporter        895 : Bean with name 'dataSource' has been autodetected for JMX exposure
2021-07-12 16:30:53.962  INFO 13228 [main] o.s.j.e.a.AnnotationMBeanExporter        895 : Bean with name 'environmentManager' has been autodetected for JMX exposure
2021-07-12 16:30:53.964  INFO 13228 [main] o.s.j.e.a.AnnotationMBeanExporter        895 : Bean with name 'refreshScope' has been autodetected for JMX exposure
2021-07-12 16:30:53.966  INFO 13228 [main] o.s.j.e.a.AnnotationMBeanExporter        895 : Bean with name 'configurationPropertiesRebinder' has been autodetected for JMX exposure
2021-07-12 16:30:53.971  INFO 13228 [main] o.s.j.e.a.AnnotationMBeanExporter        675 : Located managed bean 'environmentManager': registering with JMX server as MBean [org.springframework.cloud.context.environment:name=environmentManager,type=EnvironmentManager]
2021-07-12 16:30:53.985  INFO 13228 [main] o.s.j.e.a.AnnotationMBeanExporter        675 : Located managed bean 'refreshScope': registering with JMX server as MBean [org.springframework.cloud.context.scope.refresh:name=refreshScope,type=RefreshScope]
2021-07-12 16:30:54.004  INFO 13228 [main] o.s.j.e.a.AnnotationMBeanExporter        675 : Located managed bean 'configurationPropertiesRebinder': registering with JMX server as MBean [org.springframework.cloud.context.properties:name=configurationPropertiesRebinder,context=1629510,type=ConfigurationPropertiesRebinder]
2021-07-12 16:30:54.016  INFO 13228 [main] o.s.j.e.a.AnnotationMBeanExporter        668 : Located MBean 'dataSource': registering with JMX server as MBean [com.zaxxer.hikari:name=dataSource,type=HikariDataSource]
2021-07-12 16:30:54.035  INFO 13228 [main] o.s.c.support.DefaultLifecycleProcessor  356 : Starting beans in phase 0
2021-07-12 16:30:54.053  INFO 13228 [main] o.s.c.n.eureka.InstanceInfoFactory       71 : Setting initial instance status as: STARTING
2021-07-12 16:30:54.095  INFO 13228 [main] com.netflix.discovery.DiscoveryClient    349 : Initializing Eureka in region us-east-1
2021-07-12 16:30:54.901  INFO 13228 [main] c.n.d.provider.DiscoveryJerseyProvider   70 : Using JSON encoding codec LegacyJacksonJson
2021-07-12 16:30:54.902  INFO 13228 [main] c.n.d.provider.DiscoveryJerseyProvider   71 : Using JSON decoding codec LegacyJacksonJson
2021-07-12 16:30:55.026  INFO 13228 [main] c.n.d.provider.DiscoveryJerseyProvider   80 : Using XML encoding codec XStreamXml
2021-07-12 16:30:55.027  INFO 13228 [main] c.n.d.provider.DiscoveryJerseyProvider   81 : Using XML decoding codec XStreamXml
2021-07-12 16:30:55.311  INFO 13228 [main] c.n.d.s.r.aws.ConfigClusterResolver      43 : Resolving eureka endpoints via configuration
2021-07-12 16:30:55.867  INFO 13228 [main] com.netflix.discovery.DiscoveryClient    958 : Disable delta property : false
2021-07-12 16:30:55.867  INFO 13228 [main] com.netflix.discovery.DiscoveryClient    959 : Single vip registry refresh property : null
2021-07-12 16:30:55.867  INFO 13228 [main] com.netflix.discovery.DiscoveryClient    960 : Force full registry fetch : false
2021-07-12 16:30:55.867  INFO 13228 [main] com.netflix.discovery.DiscoveryClient    961 : Application is null : false
2021-07-12 16:30:55.867  INFO 13228 [main] com.netflix.discovery.DiscoveryClient    962 : Registered Applications size is zero : true
2021-07-12 16:30:55.867  INFO 13228 [main] com.netflix.discovery.DiscoveryClient    964 : Application version is -1: true
2021-07-12 16:30:55.867  INFO 13228 [main] com.netflix.discovery.DiscoveryClient    1047 : Getting all instance registry info from the eureka server
2021-07-12 16:30:56.431  INFO 13228 [main] com.netflix.discovery.DiscoveryClient    1056 : The response status is 200
2021-07-12 16:30:56.433  INFO 13228 [main] com.netflix.discovery.DiscoveryClient    1264 : Starting heartbeat executor: renew interval is: 30
2021-07-12 16:30:56.436  INFO 13228 [main] c.n.discovery.InstanceInfoReplicator     60 : InstanceInfoReplicator onDemand update allowed rate per min is 4
2021-07-12 16:30:56.440  INFO 13228 [main] com.netflix.discovery.DiscoveryClient    449 : Discovery Client initialized at timestamp 1626078656439 with initial instances count: 0
2021-07-12 16:30:56.447  INFO 13228 [main] o.s.c.n.e.s.EurekaServiceRegistry        42 : Registering application CLOUD-USER with eureka with status UP
2021-07-12 16:30:56.448  INFO 13228 [main] com.netflix.discovery.DiscoveryClient    1299 : Saw local status change event StatusChangeEvent [timestamp=1626078656448, current=UP, previous=STARTING]
2021-07-12 16:30:56.450  INFO 13228 [DiscoveryClient-InstanceInfoReplicator-0] com.netflix.discovery.DiscoveryClient    826 : DiscoveryClient_CLOUD-USER/192.168.3.27:5050: registering service...
2021-07-12 16:30:56.454  INFO 13228 [main] o.s.c.support.DefaultLifecycleProcessor  356 : Starting beans in phase 2147483647
2021-07-12 16:30:56.454  INFO 13228 [main] d.s.w.p.DocumentationPluginsBootstrapper 160 : Context refreshed
2021-07-12 16:30:56.492  INFO 13228 [main] d.s.w.p.DocumentationPluginsBootstrapper 163 : Found 1 custom documentation plugin(s)
2021-07-12 16:30:56.530  INFO 13228 [main] s.d.s.w.s.ApiListingReferenceScanner     41 : Scanning for api listing references
2021-07-12 16:30:56.608  INFO 13228 [DiscoveryClient-InstanceInfoReplicator-0] com.netflix.discovery.DiscoveryClient    835 : DiscoveryClient_CLOUD-USER/192.168.3.27:5050 - registration status: 204
2021-07-12 16:30:56.766  INFO 13228 [main] .d.s.w.r.o.CachingOperationNameGenerator 40 : Generating unique operation named: detailUsingGET_1
2021-07-12 16:30:56.801  INFO 13228 [main] o.a.coyote.http11.Http11NioProtocol      180 : Starting ProtocolHandler ["http-nio-5050"]
2021-07-12 16:30:56.816  INFO 13228 [main] o.a.tomcat.util.net.NioSelectorPool      180 : Using a shared selector for servlet write/read
2021-07-12 16:30:56.845  INFO 13228 [main] o.s.b.w.embedded.tomcat.TomcatWebServer  206 : Tomcat started on port(s): 5050 (http) with context path '/user'
2021-07-12 16:30:56.847  INFO 13228 [main] .s.c.n.e.s.EurekaAutoServiceRegistration 124 : Updating port to 5050
2021-07-12 16:30:56.851  INFO 13228 [main] jin.li.yun.com.UserApplication           59 : Started UserApplication in 22.387 seconds (JVM running for 26.116)
2021-07-12 16:31:26.437  INFO 13228 [DiscoveryClient-CacheRefreshExecutor-0] com.netflix.discovery.DiscoveryClient    958 : Disable delta property : false
2021-07-12 16:31:26.444  INFO 13228 [DiscoveryClient-CacheRefreshExecutor-0] com.netflix.discovery.DiscoveryClient    959 : Single vip registry refresh property : null
2021-07-12 16:31:26.444  INFO 13228 [DiscoveryClient-CacheRefreshExecutor-0] com.netflix.discovery.DiscoveryClient    960 : Force full registry fetch : false
2021-07-12 16:31:26.444  INFO 13228 [DiscoveryClient-CacheRefreshExecutor-0] com.netflix.discovery.DiscoveryClient    961 : Application is null : false
2021-07-12 16:31:26.445  INFO 13228 [DiscoveryClient-CacheRefreshExecutor-0] com.netflix.discovery.DiscoveryClient    962 : Registered Applications size is zero : true
2021-07-12 16:31:26.445  INFO 13228 [DiscoveryClient-CacheRefreshExecutor-0] com.netflix.discovery.DiscoveryClient    964 : Application version is -1: false
2021-07-12 16:31:26.445  INFO 13228 [DiscoveryClient-CacheRefreshExecutor-0] com.netflix.discovery.DiscoveryClient    1047 : Getting all instance registry info from the eureka server
2021-07-12 16:31:26.509  INFO 13228 [DiscoveryClient-CacheRefreshExecutor-0] com.netflix.discovery.DiscoveryClient    1056 : The response status is 200
2021-07-12 16:35:55.875  INFO 13228 [AsyncResolver-bootstrap-executor-0] c.n.d.s.r.aws.ConfigClusterResolver      43 : Resolving eureka endpoints via configuration
2021-07-12 16:40:55.886  INFO 13228 [AsyncResolver-bootstrap-executor-0] c.n.d.s.r.aws.ConfigClusterResolver      43 : Resolving eureka endpoints via configuration
2021-07-12 16:45:55.893  INFO 13228 [AsyncResolver-bootstrap-executor-0] c.n.d.s.r.aws.ConfigClusterResolver      43 : Resolving eureka endpoints via configuration
2021-07-12 16:50:55.900  INFO 13228 [AsyncResolver-bootstrap-executor-0] c.n.d.s.r.aws.ConfigClusterResolver      43 : Resolving eureka endpoints via configuration
2021-07-12 16:55:55.910  INFO 13228 [AsyncResolver-bootstrap-executor-0] c.n.d.s.r.aws.ConfigClusterResolver      43 : Resolving eureka endpoints via configuration
2021-07-12 17:00:55.922  INFO 13228 [AsyncResolver-bootstrap-executor-0] c.n.d.s.r.aws.ConfigClusterResolver      43 : Resolving eureka endpoints via configuration
2021-07-12 17:05:55.932  INFO 13228 [AsyncResolver-bootstrap-executor-0] c.n.d.s.r.aws.ConfigClusterResolver      43 : Resolving eureka endpoints via configuration
2021-07-12 17:10:55.944  INFO 13228 [AsyncResolver-bootstrap-executor-0] c.n.d.s.r.aws.ConfigClusterResolver      43 : Resolving eureka endpoints via configuration
2021-07-12 17:15:55.954  INFO 13228 [AsyncResolver-bootstrap-executor-0] c.n.d.s.r.aws.ConfigClusterResolver      43 : Resolving eureka endpoints via configuration
2021-07-12 17:20:55.958  INFO 13228 [AsyncResolver-bootstrap-executor-0] c.n.d.s.r.aws.ConfigClusterResolver      43 : Resolving eureka endpoints via configuration
2021-07-12 17:25:55.965  INFO 13228 [AsyncResolver-bootstrap-executor-0] c.n.d.s.r.aws.ConfigClusterResolver      43 : Resolving eureka endpoints via configuration
2021-07-12 17:30:55.976  INFO 13228 [AsyncResolver-bootstrap-executor-0] c.n.d.s.r.aws.ConfigClusterResolver      43 : Resolving eureka endpoints via configuration
2021-07-12 17:35:55.979  INFO 13228 [AsyncResolver-bootstrap-executor-0] c.n.d.s.r.aws.ConfigClusterResolver      43 : Resolving eureka endpoints via configuration
2021-07-12 17:40:55.991  INFO 13228 [AsyncResolver-bootstrap-executor-0] c.n.d.s.r.aws.ConfigClusterResolver      43 : Resolving eureka endpoints via configuration
2021-07-12 17:45:55.993  INFO 13228 [AsyncResolver-bootstrap-executor-0] c.n.d.s.r.aws.ConfigClusterResolver      43 : Resolving eureka endpoints via configuration
2021-07-12 17:50:55.995  INFO 13228 [AsyncResolver-bootstrap-executor-0] c.n.d.s.r.aws.ConfigClusterResolver      43 : Resolving eureka endpoints via configuration
2021-07-12 17:55:55.999  INFO 13228 [AsyncResolver-bootstrap-executor-0] c.n.d.s.r.aws.ConfigClusterResolver      43 : Resolving eureka endpoints via configuration
2021-07-12 18:00:56.010  INFO 13228 [AsyncResolver-bootstrap-executor-0] c.n.d.s.r.aws.ConfigClusterResolver      43 : Resolving eureka endpoints via configuration
2021-07-12 18:05:56.012  INFO 13228 [AsyncResolver-bootstrap-executor-0] c.n.d.s.r.aws.ConfigClusterResolver      43 : Resolving eureka endpoints via configuration
